time="2024-05-23T02:59:23.852395021Z" level=info msg="Starting Dapr Runtime -- version 1.13.2 -- commit f09b193d8ac62bef6c0fd5452a00d2a49cd0d134" app_id=orderprocessing instance=orderprocessing-5df9b4777b-l52md scope=dapr.runtime type=log ver=1.13.2
time="2024-05-23T02:59:23.852420538Z" level=info msg="Log level set to: info" app_id=orderprocessing instance=orderprocessing-5df9b4777b-l52md scope=dapr.runtime type=log ver=1.13.2
time="2024-05-23T02:59:23.852637653Z" level=info msg="Fetching initial identity certificate from dapr-sentry.dapr-system.svc.cluster.local:443" app_id=orderprocessing instance=orderprocessing-5df9b4777b-l52md scope=dapr.runtime.security type=log ver=1.13.2
time="2024-05-23T02:59:23.875744136Z" level=info msg="Security is initialized successfully" app_id=orderprocessing instance=orderprocessing-5df9b4777b-l52md scope=dapr.runtime.security type=log ver=1.13.2
time="2024-05-23T02:59:23.875783161Z" level=info msg="Starting workload cert expiry watcher; current cert expires on: 2024-05-24 02:59:23 +0000 UTC, renewing at 2024-05-23 19:42:53 +0000 UTC" app_id=orderprocessing instance=orderprocessing-5df9b4777b-l52md scope=dapr.runtime.security type=log ver=1.13.2
time="2024-05-23T02:59:23.875840038Z" level=info msg="Initializing the operator client" app_id=orderprocessing instance=orderprocessing-5df9b4777b-l52md scope=dapr.runtime type=log ver=1.13.2
time="2024-05-23T02:59:23.987818555Z" level=warning msg="The default value for 'spec.metric.http.increasedCardinality' will change to 'false' in Dapr 1.14" app_id=orderprocessing instance=orderprocessing-5df9b4777b-l52md scope=dapr.runtime type=log ver=1.13.2
time="2024-05-23T02:59:24.112448335Z" level=info msg="metrics server started on :43541/" app_id=orderprocessing instance=orderprocessing-5df9b4777b-l52md scope=dapr.runtime type=log ver=1.13.2
time="2024-05-23T02:59:24.112506438Z" level=info msg="kubernetes mode configured" app_id=orderprocessing instance=orderprocessing-5df9b4777b-l52md scope=dapr.runtime type=log ver=1.13.2
time="2024-05-23T02:59:24.112533787Z" level=info msg="app id: orderprocessing" app_id=orderprocessing instance=orderprocessing-5df9b4777b-l52md scope=dapr.runtime type=log ver=1.13.2
time="2024-05-23T02:59:24.112611317Z" level=info msg="Dapr trace sampler initialized: DaprTraceSampler(P=1.000000)" app_id=orderprocessing instance=orderprocessing-5df9b4777b-l52md scope=dapr.runtime type=log ver=1.13.2
time="2024-05-23T02:59:24.112702879Z" level=info msg="Initialized name resolution to kubernetes" app_id=orderprocessing instance=orderprocessing-5df9b4777b-l52md scope=dapr.runtime type=log ver=1.13.2
time="2024-05-23T02:59:24.112837422Z" level=info msg="Loading components…" app_id=orderprocessing instance=orderprocessing-5df9b4777b-l52md scope=dapr.runtime type=log ver=1.13.2
time="2024-05-23T02:59:24.113311303Z" level=info msg="Component loaded: kubernetes (secretstores.kubernetes/v1)" app_id=orderprocessing instance=orderprocessing-5df9b4777b-l52md scope=dapr.runtime.processor type=log ver=1.13.2
time="2024-05-23T02:59:24.218808723Z" level=info msg="Component loaded: pubsub (pubsub.redis/v1)" app_id=orderprocessing instance=orderprocessing-5df9b4777b-l52md scope=dapr.runtime.processor type=log ver=1.13.2
time="2024-05-23T02:59:24.218933663Z" level=info msg="Waiting for all outstanding components to be processed…" app_id=orderprocessing instance=orderprocessing-5df9b4777b-l52md scope=dapr.runtime type=log ver=1.13.2
time="2024-05-23T02:59:24.223124615Z" level=info msg="Component loaded: statestore (state.redis/v1)" app_id=orderprocessing instance=orderprocessing-5df9b4777b-l52md scope=dapr.runtime.processor type=log ver=1.13.2
time="2024-05-23T02:59:24.223148199Z" level=info msg="All outstanding components processed" app_id=orderprocessing instance=orderprocessing-5df9b4777b-l52md scope=dapr.runtime type=log ver=1.13.2
time="2024-05-23T02:59:24.223170741Z" level=info msg="Loading endpoints…" app_id=orderprocessing instance=orderprocessing-5df9b4777b-l52md scope=dapr.runtime type=log ver=1.13.2
time="2024-05-23T02:59:24.224431439Z" level=info msg="Waiting for all outstanding http endpoints to be processed…" app_id=orderprocessing instance=orderprocessing-5df9b4777b-l52md scope=dapr.runtime type=log ver=1.13.2
time="2024-05-23T02:59:24.224451025Z" level=info msg="All outstanding http endpoints processed" app_id=orderprocessing instance=orderprocessing-5df9b4777b-l52md scope=dapr.runtime type=log ver=1.13.2
time="2024-05-23T02:59:24.224520483Z" level=info msg="gRPC server listening on TCP address: [::1]:50001" app_id=orderprocessing instance=orderprocessing-5df9b4777b-l52md scope=dapr.runtime.grpc.api type=log ver=1.13.2
time="2024-05-23T02:59:24.224567418Z" level=info msg="gRPC server listening on TCP address: 127.0.0.1:50001" app_id=orderprocessing instance=orderprocessing-5df9b4777b-l52md scope=dapr.runtime.grpc.api type=log ver=1.13.2
time="2024-05-23T02:59:24.224581293Z" level=info msg="Enabled gRPC tracing middleware" app_id=orderprocessing instance=orderprocessing-5df9b4777b-l52md scope=dapr.runtime.grpc.api type=log ver=1.13.2
time="2024-05-23T02:59:24.224588481Z" level=info msg="Enabled gRPC metrics middleware" app_id=orderprocessing instance=orderprocessing-5df9b4777b-l52md scope=dapr.runtime.grpc.api type=log ver=1.13.2
time="2024-05-23T02:59:24.2246403Z" level=info msg="Registering workflow engine for gRPC endpoint: [::1]:50001" app_id=orderprocessing instance=orderprocessing-5df9b4777b-l52md scope=dapr.runtime.grpc.api type=log ver=1.13.2
time="2024-05-23T02:59:24.224661336Z" level=info msg="Enabled gRPC tracing middleware" app_id=orderprocessing instance=orderprocessing-5df9b4777b-l52md scope=dapr.runtime.grpc.api type=log ver=1.13.2
time="2024-05-23T02:59:24.224665462Z" level=info msg="Enabled gRPC metrics middleware" app_id=orderprocessing instance=orderprocessing-5df9b4777b-l52md scope=dapr.runtime.grpc.api type=log ver=1.13.2
time="2024-05-23T02:59:24.224688799Z" level=info msg="Registering workflow engine for gRPC endpoint: 127.0.0.1:50001" app_id=orderprocessing instance=orderprocessing-5df9b4777b-l52md scope=dapr.runtime.grpc.api type=log ver=1.13.2
time="2024-05-23T02:59:24.224712354Z" level=info msg="API gRPC server is running on port 50001" app_id=orderprocessing instance=orderprocessing-5df9b4777b-l52md scope=dapr.runtime type=log ver=1.13.2
time="2024-05-23T02:59:24.224776522Z" level=info msg="Enabled max body size HTTP middleware with size 4 MB" app_id=orderprocessing instance=orderprocessing-5df9b4777b-l52md scope=dapr.runtime.http type=log ver=1.13.2
time="2024-05-23T02:59:24.224829201Z" level=info msg="Enabled tracing HTTP middleware" app_id=orderprocessing instance=orderprocessing-5df9b4777b-l52md scope=dapr.runtime.http type=log ver=1.13.2
time="2024-05-23T02:59:24.22484947Z" level=info msg="Enabled metrics HTTP middleware" app_id=orderprocessing instance=orderprocessing-5df9b4777b-l52md scope=dapr.runtime.http type=log ver=1.13.2
time="2024-05-23T02:59:24.225207135Z" level=info msg="HTTP server listening on TCP address: [::1]:3500" app_id=orderprocessing instance=orderprocessing-5df9b4777b-l52md scope=dapr.runtime.http type=log ver=1.13.2
time="2024-05-23T02:59:24.225246893Z" level=info msg="HTTP server listening on TCP address: 127.0.0.1:3500" app_id=orderprocessing instance=orderprocessing-5df9b4777b-l52md scope=dapr.runtime.http type=log ver=1.13.2
time="2024-05-23T02:59:24.225276258Z" level=info msg="Enabled tracing HTTP middleware" app_id=orderprocessing instance=orderprocessing-5df9b4777b-l52md scope=dapr.runtime.http type=log ver=1.13.2
time="2024-05-23T02:59:24.225287842Z" level=info msg="Enabled metrics HTTP middleware" app_id=orderprocessing instance=orderprocessing-5df9b4777b-l52md scope=dapr.runtime.http type=log ver=1.13.2
time="2024-05-23T02:59:24.225436311Z" level=info msg="HTTP server is running on port 3500" app_id=orderprocessing instance=orderprocessing-5df9b4777b-l52md scope=dapr.runtime type=log ver=1.13.2
time="2024-05-23T02:59:24.22545654Z" level=info msg="The request body size parameter is: 4" app_id=orderprocessing instance=orderprocessing-5df9b4777b-l52md scope=dapr.runtime type=log ver=1.13.2
time="2024-05-23T02:59:24.225487353Z" level=info msg="gRPC server listening on TCP address: :50002" app_id=orderprocessing instance=orderprocessing-5df9b4777b-l52md scope=dapr.runtime.grpc.internal type=log ver=1.13.2
time="2024-05-23T02:59:24.225529269Z" level=info msg="Enabled gRPC tracing middleware" app_id=orderprocessing instance=orderprocessing-5df9b4777b-l52md scope=dapr.runtime.grpc.internal type=log ver=1.13.2
time="2024-05-23T02:59:24.225543497Z" level=info msg="Enabled gRPC metrics middleware" app_id=orderprocessing instance=orderprocessing-5df9b4777b-l52md scope=dapr.runtime.grpc.internal type=log ver=1.13.2
time="2024-05-23T02:59:24.225578775Z" level=info msg="Internal gRPC server is running on port 50002" app_id=orderprocessing instance=orderprocessing-5df9b4777b-l52md scope=dapr.runtime type=log ver=1.13.2
time="2024-05-23T02:59:24.225658742Z" level=info msg="application protocol: http. waiting on port 3000.  This will block until the app is listening on that port." app_id=orderprocessing instance=orderprocessing-5df9b4777b-l52md scope=dapr.runtime type=log ver=1.13.2
time="2024-05-23T02:59:24.22578283Z" level=info msg="application discovered on port 3000" app_id=orderprocessing instance=orderprocessing-5df9b4777b-l52md scope=dapr.runtime type=log ver=1.13.2
time="2024-05-23T02:59:24.227612887Z" level=info msg="Application configuration loaded" app_id=orderprocessing instance=orderprocessing-5df9b4777b-l52md scope=dapr.runtime type=log ver=1.13.2
time="2024-05-23T02:59:24.227663037Z" level=info msg="actors: state store is not configured - this is okay for clients but services with hosted actors will fail to initialize!" app_id=orderprocessing instance=orderprocessing-5df9b4777b-l52md scope=dapr.runtime type=log ver=1.13.2
time="2024-05-23T02:59:24.227691124Z" level=info msg="Configuring actors placement provider 'placement'. Configuration: 'placement:dapr-placement-server.dapr-system.svc.cluster.local:50005'" app_id=orderprocessing instance=orderprocessing-5df9b4777b-l52md scope=dapr.runtime.actor type=log ver=1.13.2
time="2024-05-23T02:59:24.227710002Z" level=info msg="Configuring actor reminders provider 'default'. Configuration: ''" app_id=orderprocessing instance=orderprocessing-5df9b4777b-l52md scope=dapr.runtime.actor type=log ver=1.13.2
time="2024-05-23T02:59:24.227734823Z" level=info msg="Actor runtime started. Actor idle timeout: 1h0m0s. Actor scan interval: 30s" app_id=orderprocessing instance=orderprocessing-5df9b4777b-l52md scope=dapr.runtime.actor type=log ver=1.13.2
time="2024-05-23T02:59:24.227750275Z" level=info msg="Configuring workflow engine with actors backend" app_id=orderprocessing instance=orderprocessing-5df9b4777b-l52md scope=dapr.runtime type=log ver=1.13.2
time="2024-05-23T02:59:24.227760191Z" level=info msg="Registering component for dapr workflow engine..." app_id=orderprocessing instance=orderprocessing-5df9b4777b-l52md scope=dapr.runtime type=log ver=1.13.2
time="2024-05-23T02:59:24.2277744Z" level=info msg="Initializing Dapr workflow component" app_id=orderprocessing component="dapr (workflow.dapr/v1)" instance=orderprocessing-5df9b4777b-l52md scope=dapr.contrib type=log ver=1.13.2
time="2024-05-23T02:59:24.227787794Z" level=info msg="Workflow engine initialized." app_id=orderprocessing instance=orderprocessing-5df9b4777b-l52md scope=dapr.runtime type=log ver=1.13.2
time="2024-05-23T02:59:24.256869095Z" level=info msg="Placement tables updated, version: 0" app_id=orderprocessing instance=orderprocessing-5df9b4777b-l52md scope=dapr.runtime.actors.placement type=log ver=1.13.2
time="2024-05-23T02:59:24.335582628Z" level=info msg="dapr initialized. Status: Running. Init Elapsed 223ms" app_id=orderprocessing instance=orderprocessing-5df9b4777b-l52md scope=dapr.runtime type=log ver=1.13.2
time="2024-05-23T02:59:30.227217667Z" level=info msg="work item stream established by user-agent: [grpc-python/1.64.0 grpc-c/41.0.0 (linux; chttp2)]" app_id=orderprocessing instance=orderprocessing-5df9b4777b-l52md scope=dapr.runtime.wfengine type=log ver=1.13.2
time="2024-05-23T02:59:30.22725354Z" level=info msg="worker started with backend dapr.actors/v1-beta" app_id=orderprocessing instance=orderprocessing-5df9b4777b-l52md scope=wfengine.durabletask.backend type=log ver=1.13.2
time="2024-05-23T02:59:30.227267116Z" level=info msg="Workflow engine started" app_id=orderprocessing instance=orderprocessing-5df9b4777b-l52md scope=dapr.runtime.wfengine type=log ver=1.13.2
time="2024-05-23T04:40:33.034262891Z" level=info msg="Placement tables updated, version: 0" app_id=orderprocessing instance=orderprocessing-5df9b4777b-l52md scope=dapr.runtime.actors.placement type=log ver=1.13.2
