Starting Dapr with id orderprocessing. HTTP Port: 36677. gRPC Port: 40665
Updating metadata for cliPID: 1491608
time="2024-05-23T11:28:00.452454836+09:00" level=info msg="Starting Dapr Runtime -- version 1.13.2 -- commit f09b193d8ac62bef6c0fd5452a00d2a49cd0d134" app_id=orderprocessing instance=ubu scope=dapr.runtime type=log ver=1.13.2
time="2024-05-23T11:28:00.452980427+09:00" level=info msg="Log level set to: info" app_id=orderprocessing instance=ubu scope=dapr.runtime type=log ver=1.13.2
time="2024-05-23T11:28:00.45350577+09:00" level=warning msg="mTLS is disabled. Skipping certificate request and tls validation" app_id=orderprocessing instance=ubu scope=dapr.runtime.security type=log ver=1.13.2
time="2024-05-23T11:28:00.454406638+09:00" level=warning msg="The default value for 'spec.metric.http.increasedCardinality' will change to 'false' in Dapr 1.14" app_id=orderprocessing instance=ubu scope=dapr.runtime type=log ver=1.13.2
time="2024-05-23T11:28:00.455214977+09:00" level=info msg="metrics server started on :33037/" app_id=orderprocessing instance=ubu scope=dapr.runtime type=log ver=1.13.2
time="2024-05-23T11:28:00.455394466+09:00" level=info msg="standalone mode configured" app_id=orderprocessing instance=ubu scope=dapr.runtime type=log ver=1.13.2
time="2024-05-23T11:28:00.455869303+09:00" level=info msg="app id: orderprocessing" app_id=orderprocessing instance=ubu scope=dapr.runtime type=log ver=1.13.2
time="2024-05-23T11:28:00.456055053+09:00" level=info msg="Dapr trace sampler initialized: DaprTraceSampler(P=1.000000)" app_id=orderprocessing instance=ubu scope=dapr.runtime type=log ver=1.13.2
time="2024-05-23T11:28:00.45667283+09:00" level=info msg="local service entry announced: orderprocessing -> 192.168.2.197:39857" app_id=orderprocessing component="nr (mdns/v1)" instance=ubu scope=dapr.contrib type=log ver=1.13.2
time="2024-05-23T11:28:00.456789558+09:00" level=info msg="Initialized name resolution to mdns" app_id=orderprocessing instance=ubu scope=dapr.runtime type=log ver=1.13.2
time="2024-05-23T11:28:00.456941552+09:00" level=info msg="Loading components…" app_id=orderprocessing instance=ubu scope=dapr.runtime type=log ver=1.13.2
time="2024-05-23T11:28:00.458984114+09:00" level=info msg="Component loaded: orders (pubsub.redis/v1)" app_id=orderprocessing instance=ubu scope=dapr.runtime.processor type=log ver=1.13.2
time="2024-05-23T11:28:00.459205523+09:00" level=info msg="Waiting for all outstanding components to be processed…" app_id=orderprocessing instance=ubu scope=dapr.runtime type=log ver=1.13.2
time="2024-05-23T11:28:00.460240822+09:00" level=info msg="Using 'statestore' as actor state store" app_id=orderprocessing instance=ubu scope=dapr.runtime.processor.state type=log ver=1.13.2
time="2024-05-23T11:28:00.460302419+09:00" level=info msg="Component loaded: statestore (state.redis/v1)" app_id=orderprocessing instance=ubu scope=dapr.runtime.processor type=log ver=1.13.2
time="2024-05-23T11:28:00.460322902+09:00" level=info msg="All outstanding components processed" app_id=orderprocessing instance=ubu scope=dapr.runtime type=log ver=1.13.2
time="2024-05-23T11:28:00.460349691+09:00" level=info msg="Loading endpoints…" app_id=orderprocessing instance=ubu scope=dapr.runtime type=log ver=1.13.2
time="2024-05-23T11:28:00.46059193+09:00" level=info msg="Waiting for all outstanding http endpoints to be processed…" app_id=orderprocessing instance=ubu scope=dapr.runtime type=log ver=1.13.2
time="2024-05-23T11:28:00.460622013+09:00" level=info msg="All outstanding http endpoints processed" app_id=orderprocessing instance=ubu scope=dapr.runtime type=log ver=1.13.2
time="2024-05-23T11:28:00.460700208+09:00" level=info msg="gRPC server listening on TCP address: :40665" app_id=orderprocessing instance=ubu scope=dapr.runtime.grpc.api type=log ver=1.13.2
time="2024-05-23T11:28:00.460719797+09:00" level=info msg="Enabled gRPC tracing middleware" app_id=orderprocessing instance=ubu scope=dapr.runtime.grpc.api type=log ver=1.13.2
time="2024-05-23T11:28:00.460729937+09:00" level=info msg="Enabled gRPC metrics middleware" app_id=orderprocessing instance=ubu scope=dapr.runtime.grpc.api type=log ver=1.13.2
time="2024-05-23T11:28:00.460813894+09:00" level=info msg="Registering workflow engine for gRPC endpoint: [::]:40665" app_id=orderprocessing instance=ubu scope=dapr.runtime.grpc.api type=log ver=1.13.2
time="2024-05-23T11:28:00.460849733+09:00" level=info msg="API gRPC server is running on port 40665" app_id=orderprocessing instance=ubu scope=dapr.runtime type=log ver=1.13.2
time="2024-05-23T11:28:00.460907712+09:00" level=info msg="Enabled max body size HTTP middleware with size 4 MB" app_id=orderprocessing instance=ubu scope=dapr.runtime.http type=log ver=1.13.2
time="2024-05-23T11:28:00.460921408+09:00" level=info msg="Enabled tracing HTTP middleware" app_id=orderprocessing instance=ubu scope=dapr.runtime.http type=log ver=1.13.2
time="2024-05-23T11:28:00.460930769+09:00" level=info msg="Enabled metrics HTTP middleware" app_id=orderprocessing instance=ubu scope=dapr.runtime.http type=log ver=1.13.2
time="2024-05-23T11:28:00.461186183+09:00" level=info msg="HTTP server listening on TCP address: :36677" app_id=orderprocessing instance=ubu scope=dapr.runtime.http type=log ver=1.13.2
time="2024-05-23T11:28:00.461232773+09:00" level=info msg="HTTP server is running on port 36677" app_id=orderprocessing instance=ubu scope=dapr.runtime type=log ver=1.13.2
time="2024-05-23T11:28:00.461246196+09:00" level=info msg="The request body size parameter is: 4" app_id=orderprocessing instance=ubu scope=dapr.runtime type=log ver=1.13.2
time="2024-05-23T11:28:00.461766091+09:00" level=info msg="gRPC server listening on TCP address: :39857" app_id=orderprocessing instance=ubu scope=dapr.runtime.grpc.internal type=log ver=1.13.2
time="2024-05-23T11:28:00.46180304+09:00" level=info msg="Enabled gRPC tracing middleware" app_id=orderprocessing instance=ubu scope=dapr.runtime.grpc.internal type=log ver=1.13.2
time="2024-05-23T11:28:00.461813377+09:00" level=info msg="Enabled gRPC metrics middleware" app_id=orderprocessing instance=ubu scope=dapr.runtime.grpc.internal type=log ver=1.13.2
time="2024-05-23T11:28:00.461857845+09:00" level=info msg="Internal gRPC server is running on port 39857" app_id=orderprocessing instance=ubu scope=dapr.runtime type=log ver=1.13.2
time="2024-05-23T11:28:00.46191527+09:00" level=info msg="application protocol: http. waiting on port 3000.  This will block until the app is listening on that port." app_id=orderprocessing instance=ubu scope=dapr.runtime type=log ver=1.13.2
time="2024-05-23T11:28:00.804277181+09:00" level=info msg="work item stream established by user-agent: [grpc-python/1.63.0 grpc-c/40.0.0 (linux; chttp2)]" app_id=orderprocessing instance=ubu scope=dapr.runtime.wfengine type=log ver=1.13.2
time="2024-05-23T11:28:00.865149996+09:00" level=info msg="application discovered on port 3000" app_id=orderprocessing instance=ubu scope=dapr.runtime type=log ver=1.13.2
time="2024-05-23T11:28:00.867112552+09:00" level=info msg="Application configuration loaded" app_id=orderprocessing instance=ubu scope=dapr.runtime type=log ver=1.13.2
time="2024-05-23T11:28:00.867176914+09:00" level=info msg="Configuring actors placement provider 'placement'. Configuration: 'placement:localhost:50005'" app_id=orderprocessing instance=ubu scope=dapr.runtime.actor type=log ver=1.13.2
time="2024-05-23T11:28:00.867201439+09:00" level=info msg="Configuring actor reminders provider 'default'. Configuration: ''" app_id=orderprocessing instance=ubu scope=dapr.runtime.actor type=log ver=1.13.2
time="2024-05-23T11:28:00.867234896+09:00" level=info msg="Actor runtime started. Actor idle timeout: 1h0m0s. Actor scan interval: 30s" app_id=orderprocessing instance=ubu scope=dapr.runtime.actor type=log ver=1.13.2
time="2024-05-23T11:28:00.867252166+09:00" level=info msg="Configuring workflow engine with actors backend" app_id=orderprocessing instance=ubu scope=dapr.runtime type=log ver=1.13.2
time="2024-05-23T11:28:00.867262689+09:00" level=info msg="Registering component for dapr workflow engine..." app_id=orderprocessing instance=ubu scope=dapr.runtime type=log ver=1.13.2
time="2024-05-23T11:28:00.867288202+09:00" level=info msg="Initializing Dapr workflow component" app_id=orderprocessing component="dapr (workflow.dapr/v1)" instance=ubu scope=dapr.contrib type=log ver=1.13.2
time="2024-05-23T11:28:00.867303808+09:00" level=info msg="Workflow engine initialized." app_id=orderprocessing instance=ubu scope=dapr.runtime type=log ver=1.13.2
time="2024-05-23T11:28:00.867481627+09:00" level=info msg="worker started with backend dapr.actors/v1-beta" app_id=orderprocessing instance=ubu scope=wfengine.durabletask.backend type=log ver=1.13.2
time="2024-05-23T11:28:00.867508235+09:00" level=info msg="Workflow engine started" app_id=orderprocessing instance=ubu scope=dapr.runtime.wfengine type=log ver=1.13.2
time="2024-05-23T11:28:00.869666181+09:00" level=info msg="dapr initialized. Status: Running. Init Elapsed 414ms" app_id=orderprocessing instance=ubu scope=dapr.runtime type=log ver=1.13.2
time="2024-05-23T11:28:00.871499885+09:00" level=info msg="Actor API level in the cluster has been updated to 10" app_id=orderprocessing instance=ubu scope=dapr.runtime.actor type=log ver=1.13.2
time="2024-05-23T11:28:00.871550908+09:00" level=info msg="Placement tables updated, version: 44" app_id=orderprocessing instance=ubu scope=dapr.runtime.actors.placement type=log ver=1.13.2
time="2024-05-23T11:28:00.87225826+09:00" level=info msg="Error processing operation DaprBuiltInActorNotFoundRetries. Retrying in 1s…" app_id=orderprocessing instance=ubu scope=dapr.runtime type=log ver=1.13.2
Updating metadata for app command: python3 app.py
Updating metadata for appPID: 1491739
You're up and running! Dapr logs will appear here.

time="2024-05-23T11:28:03.294074461+09:00" level=info msg="Placement tables updated, version: 45" app_id=orderprocessing instance=ubu scope=dapr.runtime.actors.placement type=log ver=1.13.2
time="2024-05-23T11:28:03.87376299+09:00" level=info msg="Recovered processing operation DaprBuiltInActorNotFoundRetries after 4 attempts" app_id=orderprocessing instance=ubu scope=dapr.runtime type=log ver=1.13.2
time="2024-05-23T11:28:47.458894191+09:00" level=info msg="work item stream closed" app_id=orderprocessing instance=ubu scope=dapr.runtime.wfengine type=log ver=1.13.2
time="2024-05-23T11:28:47.461844524+09:00" level=info msg="Received signal 'interrupt'; beginning shutdown" app_id=orderprocessing instance=ubu scope=dapr.signals type=log ver=1.13.2
time="2024-05-23T11:28:47.462908718+09:00" level=info msg="Dapr is shutting down" app_id=orderprocessing instance=ubu scope=dapr.runtime type=log ver=1.13.2
time="2024-05-23T11:28:47.462944861+09:00" level=info msg="Shutting down component statestore (state.redis/v1)" app_id=orderprocessing instance=ubu scope=dapr.runtime type=log ver=1.13.2

termination signal received: shutting down
time="2024-05-23T11:28:47.463933559+09:00" level=info msg="Closing HTTP server [::]:36677…" app_id=orderprocessing instance=ubu scope=dapr.runtime.http type=log ver=1.13.2
Exited Dapr successfully
Exited App successfully
