Starting Dapr with id orderprocessing. HTTP Port: 45577. gRPC Port: 46287
Updating metadata for cliPID: 1501770
time="2024-05-23T11:30:38.362833944+09:00" level=info msg="Starting Dapr Runtime -- version 1.13.2 -- commit f09b193d8ac62bef6c0fd5452a00d2a49cd0d134" app_id=orderprocessing instance=ubu scope=dapr.runtime type=log ver=1.13.2
time="2024-05-23T11:30:38.363305828+09:00" level=info msg="Log level set to: info" app_id=orderprocessing instance=ubu scope=dapr.runtime type=log ver=1.13.2
time="2024-05-23T11:30:38.363948082+09:00" level=warning msg="mTLS is disabled. Skipping certificate request and tls validation" app_id=orderprocessing instance=ubu scope=dapr.runtime.security type=log ver=1.13.2
time="2024-05-23T11:30:38.364259106+09:00" level=warning msg="The default value for 'spec.metric.http.increasedCardinality' will change to 'false' in Dapr 1.14" app_id=orderprocessing instance=ubu scope=dapr.runtime type=log ver=1.13.2
time="2024-05-23T11:30:38.36485644+09:00" level=info msg="metrics server started on :40759/" app_id=orderprocessing instance=ubu scope=dapr.runtime type=log ver=1.13.2
time="2024-05-23T11:30:38.364890792+09:00" level=info msg="standalone mode configured" app_id=orderprocessing instance=ubu scope=dapr.runtime type=log ver=1.13.2
time="2024-05-23T11:30:38.364939447+09:00" level=info msg="app id: orderprocessing" app_id=orderprocessing instance=ubu scope=dapr.runtime type=log ver=1.13.2
time="2024-05-23T11:30:38.365006272+09:00" level=info msg="Dapr trace sampler initialized: DaprTraceSampler(P=1.000000)" app_id=orderprocessing instance=ubu scope=dapr.runtime type=log ver=1.13.2
time="2024-05-23T11:30:38.365418518+09:00" level=info msg="local service entry announced: orderprocessing -> 192.168.2.197:39543" app_id=orderprocessing component="nr (mdns/v1)" instance=ubu scope=dapr.contrib type=log ver=1.13.2
time="2024-05-23T11:30:38.365445941+09:00" level=info msg="Initialized name resolution to mdns" app_id=orderprocessing instance=ubu scope=dapr.runtime type=log ver=1.13.2
time="2024-05-23T11:30:38.365487625+09:00" level=info msg="Loading components…" app_id=orderprocessing instance=ubu scope=dapr.runtime type=log ver=1.13.2
time="2024-05-23T11:30:38.367986419+09:00" level=info msg="Component loaded: orders (pubsub.redis/v1)" app_id=orderprocessing instance=ubu scope=dapr.runtime.processor type=log ver=1.13.2
time="2024-05-23T11:30:38.369026389+09:00" level=info msg="Waiting for all outstanding components to be processed…" app_id=orderprocessing instance=ubu scope=dapr.runtime type=log ver=1.13.2
time="2024-05-23T11:30:38.370344614+09:00" level=info msg="Using 'statestore' as actor state store" app_id=orderprocessing instance=ubu scope=dapr.runtime.processor.state type=log ver=1.13.2
time="2024-05-23T11:30:38.370394293+09:00" level=info msg="Component loaded: statestore (state.redis/v1)" app_id=orderprocessing instance=ubu scope=dapr.runtime.processor type=log ver=1.13.2
time="2024-05-23T11:30:38.370411217+09:00" level=info msg="All outstanding components processed" app_id=orderprocessing instance=ubu scope=dapr.runtime type=log ver=1.13.2
time="2024-05-23T11:30:38.370434003+09:00" level=info msg="Loading endpoints…" app_id=orderprocessing instance=ubu scope=dapr.runtime type=log ver=1.13.2
time="2024-05-23T11:30:38.370671205+09:00" level=info msg="Waiting for all outstanding http endpoints to be processed…" app_id=orderprocessing instance=ubu scope=dapr.runtime type=log ver=1.13.2
time="2024-05-23T11:30:38.370685433+09:00" level=info msg="All outstanding http endpoints processed" app_id=orderprocessing instance=ubu scope=dapr.runtime type=log ver=1.13.2
time="2024-05-23T11:30:38.370758072+09:00" level=info msg="gRPC server listening on TCP address: :46287" app_id=orderprocessing instance=ubu scope=dapr.runtime.grpc.api type=log ver=1.13.2
time="2024-05-23T11:30:38.370772148+09:00" level=info msg="Enabled gRPC tracing middleware" app_id=orderprocessing instance=ubu scope=dapr.runtime.grpc.api type=log ver=1.13.2
time="2024-05-23T11:30:38.370780463+09:00" level=info msg="Enabled gRPC metrics middleware" app_id=orderprocessing instance=ubu scope=dapr.runtime.grpc.api type=log ver=1.13.2
time="2024-05-23T11:30:38.370838385+09:00" level=info msg="Registering workflow engine for gRPC endpoint: [::]:46287" app_id=orderprocessing instance=ubu scope=dapr.runtime.grpc.api type=log ver=1.13.2
time="2024-05-23T11:30:38.370863557+09:00" level=info msg="API gRPC server is running on port 46287" app_id=orderprocessing instance=ubu scope=dapr.runtime type=log ver=1.13.2
time="2024-05-23T11:30:38.370919025+09:00" level=info msg="Enabled max body size HTTP middleware with size 4 MB" app_id=orderprocessing instance=ubu scope=dapr.runtime.http type=log ver=1.13.2
time="2024-05-23T11:30:38.370930448+09:00" level=info msg="Enabled tracing HTTP middleware" app_id=orderprocessing instance=ubu scope=dapr.runtime.http type=log ver=1.13.2
time="2024-05-23T11:30:38.370936763+09:00" level=info msg="Enabled metrics HTTP middleware" app_id=orderprocessing instance=ubu scope=dapr.runtime.http type=log ver=1.13.2
time="2024-05-23T11:30:38.371185286+09:00" level=info msg="HTTP server listening on TCP address: :45577" app_id=orderprocessing instance=ubu scope=dapr.runtime.http type=log ver=1.13.2
time="2024-05-23T11:30:38.371209729+09:00" level=info msg="HTTP server is running on port 45577" app_id=orderprocessing instance=ubu scope=dapr.runtime type=log ver=1.13.2
time="2024-05-23T11:30:38.37122235+09:00" level=info msg="The request body size parameter is: 4" app_id=orderprocessing instance=ubu scope=dapr.runtime type=log ver=1.13.2
time="2024-05-23T11:30:38.371240642+09:00" level=info msg="gRPC server listening on TCP address: :39543" app_id=orderprocessing instance=ubu scope=dapr.runtime.grpc.internal type=log ver=1.13.2
time="2024-05-23T11:30:38.371250107+09:00" level=info msg="Enabled gRPC tracing middleware" app_id=orderprocessing instance=ubu scope=dapr.runtime.grpc.internal type=log ver=1.13.2
time="2024-05-23T11:30:38.371257838+09:00" level=info msg="Enabled gRPC metrics middleware" app_id=orderprocessing instance=ubu scope=dapr.runtime.grpc.internal type=log ver=1.13.2
time="2024-05-23T11:30:38.371283023+09:00" level=info msg="Internal gRPC server is running on port 39543" app_id=orderprocessing instance=ubu scope=dapr.runtime type=log ver=1.13.2
time="2024-05-23T11:30:38.371317139+09:00" level=info msg="application protocol: http. waiting on port 3000.  This will block until the app is listening on that port." app_id=orderprocessing instance=ubu scope=dapr.runtime type=log ver=1.13.2
time="2024-05-23T11:30:38.693671965+09:00" level=info msg="work item stream established by user-agent: [grpc-python/1.63.0 grpc-c/40.0.0 (linux; chttp2)]" app_id=orderprocessing instance=ubu scope=dapr.runtime.wfengine type=log ver=1.13.2
time="2024-05-23T11:30:38.775028385+09:00" level=info msg="application discovered on port 3000" app_id=orderprocessing instance=ubu scope=dapr.runtime type=log ver=1.13.2
time="2024-05-23T11:30:38.778134648+09:00" level=info msg="Application configuration loaded" app_id=orderprocessing instance=ubu scope=dapr.runtime type=log ver=1.13.2
time="2024-05-23T11:30:38.778193446+09:00" level=info msg="Configuring actors placement provider 'placement'. Configuration: 'placement:localhost:50005'" app_id=orderprocessing instance=ubu scope=dapr.runtime.actor type=log ver=1.13.2
time="2024-05-23T11:30:38.778211156+09:00" level=info msg="Configuring actor reminders provider 'default'. Configuration: ''" app_id=orderprocessing instance=ubu scope=dapr.runtime.actor type=log ver=1.13.2
time="2024-05-23T11:30:38.778236284+09:00" level=info msg="Actor runtime started. Actor idle timeout: 1h0m0s. Actor scan interval: 30s" app_id=orderprocessing instance=ubu scope=dapr.runtime.actor type=log ver=1.13.2
time="2024-05-23T11:30:38.778249751+09:00" level=info msg="Configuring workflow engine with actors backend" app_id=orderprocessing instance=ubu scope=dapr.runtime type=log ver=1.13.2
time="2024-05-23T11:30:38.778257059+09:00" level=info msg="Registering component for dapr workflow engine..." app_id=orderprocessing instance=ubu scope=dapr.runtime type=log ver=1.13.2
time="2024-05-23T11:30:38.778275579+09:00" level=info msg="Initializing Dapr workflow component" app_id=orderprocessing component="dapr (workflow.dapr/v1)" instance=ubu scope=dapr.contrib type=log ver=1.13.2
time="2024-05-23T11:30:38.778285436+09:00" level=info msg="Workflow engine initialized." app_id=orderprocessing instance=ubu scope=dapr.runtime type=log ver=1.13.2
time="2024-05-23T11:30:38.778518994+09:00" level=info msg="worker started with backend dapr.actors/v1-beta" app_id=orderprocessing instance=ubu scope=wfengine.durabletask.backend type=log ver=1.13.2
time="2024-05-23T11:30:38.778540416+09:00" level=info msg="Workflow engine started" app_id=orderprocessing instance=ubu scope=dapr.runtime.wfengine type=log ver=1.13.2
time="2024-05-23T11:30:38.780446969+09:00" level=info msg="dapr initialized. Status: Running. Init Elapsed 415ms" app_id=orderprocessing instance=ubu scope=dapr.runtime type=log ver=1.13.2
time="2024-05-23T11:30:38.781789167+09:00" level=info msg="Actor API level in the cluster has been updated to 10" app_id=orderprocessing instance=ubu scope=dapr.runtime.actor type=log ver=1.13.2
time="2024-05-23T11:30:38.78183284+09:00" level=info msg="Placement tables updated, version: 48" app_id=orderprocessing instance=ubu scope=dapr.runtime.actors.placement type=log ver=1.13.2
time="2024-05-23T11:30:38.782460216+09:00" level=info msg="Error processing operation DaprBuiltInActorNotFoundRetries. Retrying in 1s…" app_id=orderprocessing instance=ubu scope=dapr.runtime type=log ver=1.13.2
Updating metadata for app command: python3 app.py
Updating metadata for appPID: 1501901
You're up and running! Dapr logs will appear here.

time="2024-05-23T11:30:40.794035014+09:00" level=info msg="Placement tables updated, version: 49" app_id=orderprocessing instance=ubu scope=dapr.runtime.actors.placement type=log ver=1.13.2
time="2024-05-23T11:30:41.783634662+09:00" level=info msg="Recovered processing operation DaprBuiltInActorNotFoundRetries after 4 attempts" app_id=orderprocessing instance=ubu scope=dapr.runtime type=log ver=1.13.2
time="2024-05-23T11:30:53.683277333+09:00" level=info msg="Received signal 'interrupt'; beginning shutdown" app_id=orderprocessing instance=ubu scope=dapr.signals type=log ver=1.13.2

termination signal received: shutting down
Exited Dapr successfully
Exited App successfully
