Starting Dapr with id orderprocessing. HTTP Port: 43257. gRPC Port: 44003
Updating metadata for cliPID: 1486796
time="2024-05-23T11:26:46.431698564+09:00" level=info msg="Starting Dapr Runtime -- version 1.13.2 -- commit f09b193d8ac62bef6c0fd5452a00d2a49cd0d134" app_id=orderprocessing instance=ubu scope=dapr.runtime type=log ver=1.13.2
time="2024-05-23T11:26:46.431722697+09:00" level=info msg="Log level set to: info" app_id=orderprocessing instance=ubu scope=dapr.runtime type=log ver=1.13.2
time="2024-05-23T11:26:46.43184261+09:00" level=warning msg="mTLS is disabled. Skipping certificate request and tls validation" app_id=orderprocessing instance=ubu scope=dapr.runtime.security type=log ver=1.13.2
time="2024-05-23T11:26:46.432078048+09:00" level=warning msg="The default value for 'spec.metric.http.increasedCardinality' will change to 'false' in Dapr 1.14" app_id=orderprocessing instance=ubu scope=dapr.runtime type=log ver=1.13.2
time="2024-05-23T11:26:46.432552046+09:00" level=info msg="standalone mode configured" app_id=orderprocessing instance=ubu scope=dapr.runtime type=log ver=1.13.2
time="2024-05-23T11:26:46.432583669+09:00" level=info msg="app id: orderprocessing" app_id=orderprocessing instance=ubu scope=dapr.runtime type=log ver=1.13.2
time="2024-05-23T11:26:46.432570185+09:00" level=info msg="metrics server started on :45363/" app_id=orderprocessing instance=ubu scope=dapr.runtime type=log ver=1.13.2
time="2024-05-23T11:26:46.432634926+09:00" level=info msg="Dapr trace sampler initialized: DaprTraceSampler(P=1.000000)" app_id=orderprocessing instance=ubu scope=dapr.runtime type=log ver=1.13.2
time="2024-05-23T11:26:46.433002463+09:00" level=info msg="local service entry announced: orderprocessing -> 192.168.2.197:43185" app_id=orderprocessing component="nr (mdns/v1)" instance=ubu scope=dapr.contrib type=log ver=1.13.2
time="2024-05-23T11:26:46.433023231+09:00" level=info msg="Initialized name resolution to mdns" app_id=orderprocessing instance=ubu scope=dapr.runtime type=log ver=1.13.2
time="2024-05-23T11:26:46.43306624+09:00" level=info msg="Loading components…" app_id=orderprocessing instance=ubu scope=dapr.runtime type=log ver=1.13.2
time="2024-05-23T11:26:46.434595246+09:00" level=info msg="Component loaded: orders (pubsub.redis/v1)" app_id=orderprocessing instance=ubu scope=dapr.runtime.processor type=log ver=1.13.2
time="2024-05-23T11:26:46.43489405+09:00" level=info msg="Waiting for all outstanding components to be processed…" app_id=orderprocessing instance=ubu scope=dapr.runtime type=log ver=1.13.2
time="2024-05-23T11:26:46.435515253+09:00" level=info msg="Using 'statestore' as actor state store" app_id=orderprocessing instance=ubu scope=dapr.runtime.processor.state type=log ver=1.13.2
time="2024-05-23T11:26:46.435538479+09:00" level=info msg="Component loaded: statestore (state.redis/v1)" app_id=orderprocessing instance=ubu scope=dapr.runtime.processor type=log ver=1.13.2
time="2024-05-23T11:26:46.435547331+09:00" level=info msg="All outstanding components processed" app_id=orderprocessing instance=ubu scope=dapr.runtime type=log ver=1.13.2
time="2024-05-23T11:26:46.43556351+09:00" level=info msg="Loading endpoints…" app_id=orderprocessing instance=ubu scope=dapr.runtime type=log ver=1.13.2
time="2024-05-23T11:26:46.435720183+09:00" level=info msg="Waiting for all outstanding http endpoints to be processed…" app_id=orderprocessing instance=ubu scope=dapr.runtime type=log ver=1.13.2
time="2024-05-23T11:26:46.435729908+09:00" level=info msg="All outstanding http endpoints processed" app_id=orderprocessing instance=ubu scope=dapr.runtime type=log ver=1.13.2
time="2024-05-23T11:26:46.435774613+09:00" level=info msg="gRPC server listening on TCP address: :44003" app_id=orderprocessing instance=ubu scope=dapr.runtime.grpc.api type=log ver=1.13.2
time="2024-05-23T11:26:46.435782507+09:00" level=info msg="Enabled gRPC tracing middleware" app_id=orderprocessing instance=ubu scope=dapr.runtime.grpc.api type=log ver=1.13.2
time="2024-05-23T11:26:46.435786512+09:00" level=info msg="Enabled gRPC metrics middleware" app_id=orderprocessing instance=ubu scope=dapr.runtime.grpc.api type=log ver=1.13.2
time="2024-05-23T11:26:46.435827165+09:00" level=info msg="Registering workflow engine for gRPC endpoint: [::]:44003" app_id=orderprocessing instance=ubu scope=dapr.runtime.grpc.api type=log ver=1.13.2
time="2024-05-23T11:26:46.435845003+09:00" level=info msg="API gRPC server is running on port 44003" app_id=orderprocessing instance=ubu scope=dapr.runtime type=log ver=1.13.2
time="2024-05-23T11:26:46.435879207+09:00" level=info msg="Enabled max body size HTTP middleware with size 4 MB" app_id=orderprocessing instance=ubu scope=dapr.runtime.http type=log ver=1.13.2
time="2024-05-23T11:26:46.435885548+09:00" level=info msg="Enabled tracing HTTP middleware" app_id=orderprocessing instance=ubu scope=dapr.runtime.http type=log ver=1.13.2
time="2024-05-23T11:26:46.435889285+09:00" level=info msg="Enabled metrics HTTP middleware" app_id=orderprocessing instance=ubu scope=dapr.runtime.http type=log ver=1.13.2
time="2024-05-23T11:26:46.436063528+09:00" level=info msg="HTTP server listening on TCP address: :43257" app_id=orderprocessing instance=ubu scope=dapr.runtime.http type=log ver=1.13.2
time="2024-05-23T11:26:46.436078363+09:00" level=info msg="HTTP server is running on port 43257" app_id=orderprocessing instance=ubu scope=dapr.runtime type=log ver=1.13.2
time="2024-05-23T11:26:46.436082908+09:00" level=info msg="The request body size parameter is: 4" app_id=orderprocessing instance=ubu scope=dapr.runtime type=log ver=1.13.2
time="2024-05-23T11:26:46.436094242+09:00" level=info msg="gRPC server listening on TCP address: :43185" app_id=orderprocessing instance=ubu scope=dapr.runtime.grpc.internal type=log ver=1.13.2
time="2024-05-23T11:26:46.436100899+09:00" level=info msg="Enabled gRPC tracing middleware" app_id=orderprocessing instance=ubu scope=dapr.runtime.grpc.internal type=log ver=1.13.2
time="2024-05-23T11:26:46.436104598+09:00" level=info msg="Enabled gRPC metrics middleware" app_id=orderprocessing instance=ubu scope=dapr.runtime.grpc.internal type=log ver=1.13.2
time="2024-05-23T11:26:46.436120649+09:00" level=info msg="Internal gRPC server is running on port 43185" app_id=orderprocessing instance=ubu scope=dapr.runtime type=log ver=1.13.2
time="2024-05-23T11:26:46.43614872+09:00" level=info msg="application protocol: http. waiting on port 3000.  This will block until the app is listening on that port." app_id=orderprocessing instance=ubu scope=dapr.runtime type=log ver=1.13.2
time="2024-05-23T11:26:46.759047128+09:00" level=info msg="work item stream established by user-agent: [grpc-python/1.63.0 grpc-c/40.0.0 (linux; chttp2)]" app_id=orderprocessing instance=ubu scope=dapr.runtime.wfengine type=log ver=1.13.2
time="2024-05-23T11:26:46.839043481+09:00" level=info msg="application discovered on port 3000" app_id=orderprocessing instance=ubu scope=dapr.runtime type=log ver=1.13.2
time="2024-05-23T11:26:46.840903956+09:00" level=info msg="Application configuration loaded" app_id=orderprocessing instance=ubu scope=dapr.runtime type=log ver=1.13.2
time="2024-05-23T11:26:46.840936476+09:00" level=info msg="Configuring actors placement provider 'placement'. Configuration: 'placement:localhost:50005'" app_id=orderprocessing instance=ubu scope=dapr.runtime.actor type=log ver=1.13.2
time="2024-05-23T11:26:46.840951292+09:00" level=info msg="Configuring actor reminders provider 'default'. Configuration: ''" app_id=orderprocessing instance=ubu scope=dapr.runtime.actor type=log ver=1.13.2
time="2024-05-23T11:26:46.840974232+09:00" level=info msg="Actor runtime started. Actor idle timeout: 1h0m0s. Actor scan interval: 30s" app_id=orderprocessing instance=ubu scope=dapr.runtime.actor type=log ver=1.13.2
time="2024-05-23T11:26:46.840984465+09:00" level=info msg="Configuring workflow engine with actors backend" app_id=orderprocessing instance=ubu scope=dapr.runtime type=log ver=1.13.2
time="2024-05-23T11:26:46.840988678+09:00" level=info msg="Registering component for dapr workflow engine..." app_id=orderprocessing instance=ubu scope=dapr.runtime type=log ver=1.13.2
time="2024-05-23T11:26:46.840998602+09:00" level=info msg="Initializing Dapr workflow component" app_id=orderprocessing component="dapr (workflow.dapr/v1)" instance=ubu scope=dapr.contrib type=log ver=1.13.2
time="2024-05-23T11:26:46.841006706+09:00" level=info msg="Workflow engine initialized." app_id=orderprocessing instance=ubu scope=dapr.runtime type=log ver=1.13.2
time="2024-05-23T11:26:46.841253083+09:00" level=info msg="worker started with backend dapr.actors/v1-beta" app_id=orderprocessing instance=ubu scope=wfengine.durabletask.backend type=log ver=1.13.2
time="2024-05-23T11:26:46.841274316+09:00" level=info msg="Workflow engine started" app_id=orderprocessing instance=ubu scope=dapr.runtime.wfengine type=log ver=1.13.2
time="2024-05-23T11:26:46.843181881+09:00" level=info msg="dapr initialized. Status: Running. Init Elapsed 410ms" app_id=orderprocessing instance=ubu scope=dapr.runtime type=log ver=1.13.2
time="2024-05-23T11:26:46.845912578+09:00" level=info msg="Actor API level in the cluster has been updated to 10" app_id=orderprocessing instance=ubu scope=dapr.runtime.actor type=log ver=1.13.2
time="2024-05-23T11:26:46.845941543+09:00" level=info msg="Placement tables updated, version: 42" app_id=orderprocessing instance=ubu scope=dapr.runtime.actors.placement type=log ver=1.13.2
time="2024-05-23T11:26:46.846907992+09:00" level=info msg="Error processing operation DaprBuiltInActorNotFoundRetries. Retrying in 1s…" app_id=orderprocessing instance=ubu scope=dapr.runtime type=log ver=1.13.2
Updating metadata for app command: python3 app.py
Updating metadata for appPID: 1486928
You're up and running! Dapr logs will appear here.

time="2024-05-23T11:26:49.294352802+09:00" level=info msg="Placement tables updated, version: 43" app_id=orderprocessing instance=ubu scope=dapr.runtime.actors.placement type=log ver=1.13.2
time="2024-05-23T11:26:49.848708927+09:00" level=info msg="Recovered processing operation DaprBuiltInActorNotFoundRetries after 4 attempts" app_id=orderprocessing instance=ubu scope=dapr.runtime type=log ver=1.13.2

termination signal received: shutting down
Exited Dapr successfully
Exited App successfully
