Starting Dapr with id inventory. HTTP Port: 36091. gRPC Port: 33607
Updating metadata for cliPID: 1501770
time="2024-05-23T11:30:40.401396469+09:00" level=info msg="Starting Dapr Runtime -- version 1.13.2 -- commit f09b193d8ac62bef6c0fd5452a00d2a49cd0d134" app_id=inventory instance=ubu scope=dapr.runtime type=log ver=1.13.2
time="2024-05-23T11:30:40.401547453+09:00" level=info msg="Log level set to: info" app_id=inventory instance=ubu scope=dapr.runtime type=log ver=1.13.2
time="2024-05-23T11:30:40.401697437+09:00" level=warning msg="mTLS is disabled. Skipping certificate request and tls validation" app_id=inventory instance=ubu scope=dapr.runtime.security type=log ver=1.13.2
time="2024-05-23T11:30:40.40206406+09:00" level=warning msg="The default value for 'spec.metric.http.increasedCardinality' will change to 'false' in Dapr 1.14" app_id=inventory instance=ubu scope=dapr.runtime type=log ver=1.13.2
time="2024-05-23T11:30:40.403363787+09:00" level=info msg="metrics server started on :39393/" app_id=inventory instance=ubu scope=dapr.runtime type=log ver=1.13.2
time="2024-05-23T11:30:40.403386004+09:00" level=info msg="standalone mode configured" app_id=inventory instance=ubu scope=dapr.runtime type=log ver=1.13.2
time="2024-05-23T11:30:40.403575084+09:00" level=info msg="app id: inventory" app_id=inventory instance=ubu scope=dapr.runtime type=log ver=1.13.2
time="2024-05-23T11:30:40.403622728+09:00" level=info msg="Dapr trace sampler initialized: DaprTraceSampler(P=1.000000)" app_id=inventory instance=ubu scope=dapr.runtime type=log ver=1.13.2
time="2024-05-23T11:30:40.403992049+09:00" level=info msg="local service entry announced: inventory -> 192.168.2.197:37729" app_id=inventory component="nr (mdns/v1)" instance=ubu scope=dapr.contrib type=log ver=1.13.2
time="2024-05-23T11:30:40.404035236+09:00" level=info msg="Initialized name resolution to mdns" app_id=inventory instance=ubu scope=dapr.runtime type=log ver=1.13.2
time="2024-05-23T11:30:40.404074202+09:00" level=info msg="Loading components…" app_id=inventory instance=ubu scope=dapr.runtime type=log ver=1.13.2
time="2024-05-23T11:30:40.407186287+09:00" level=info msg="Component loaded: orders (pubsub.redis/v1)" app_id=inventory instance=ubu scope=dapr.runtime.processor type=log ver=1.13.2
time="2024-05-23T11:30:40.407386938+09:00" level=info msg="Waiting for all outstanding components to be processed…" app_id=inventory instance=ubu scope=dapr.runtime type=log ver=1.13.2
time="2024-05-23T11:30:40.408138242+09:00" level=info msg="Using 'statestore' as actor state store" app_id=inventory instance=ubu scope=dapr.runtime.processor.state type=log ver=1.13.2
time="2024-05-23T11:30:40.408264859+09:00" level=info msg="Component loaded: statestore (state.redis/v1)" app_id=inventory instance=ubu scope=dapr.runtime.processor type=log ver=1.13.2
time="2024-05-23T11:30:40.408281263+09:00" level=info msg="All outstanding components processed" app_id=inventory instance=ubu scope=dapr.runtime type=log ver=1.13.2
time="2024-05-23T11:30:40.408300874+09:00" level=info msg="Loading endpoints…" app_id=inventory instance=ubu scope=dapr.runtime type=log ver=1.13.2
time="2024-05-23T11:30:40.408463571+09:00" level=info msg="Waiting for all outstanding http endpoints to be processed…" app_id=inventory instance=ubu scope=dapr.runtime type=log ver=1.13.2
time="2024-05-23T11:30:40.408478384+09:00" level=info msg="All outstanding http endpoints processed" app_id=inventory instance=ubu scope=dapr.runtime type=log ver=1.13.2
time="2024-05-23T11:30:40.408534883+09:00" level=info msg="gRPC server listening on TCP address: :33607" app_id=inventory instance=ubu scope=dapr.runtime.grpc.api type=log ver=1.13.2
time="2024-05-23T11:30:40.408548344+09:00" level=info msg="Enabled gRPC tracing middleware" app_id=inventory instance=ubu scope=dapr.runtime.grpc.api type=log ver=1.13.2
time="2024-05-23T11:30:40.408554125+09:00" level=info msg="Enabled gRPC metrics middleware" app_id=inventory instance=ubu scope=dapr.runtime.grpc.api type=log ver=1.13.2
time="2024-05-23T11:30:40.408693151+09:00" level=info msg="Registering workflow engine for gRPC endpoint: [::]:33607" app_id=inventory instance=ubu scope=dapr.runtime.grpc.api type=log ver=1.13.2
time="2024-05-23T11:30:40.408798476+09:00" level=info msg="API gRPC server is running on port 33607" app_id=inventory instance=ubu scope=dapr.runtime type=log ver=1.13.2
time="2024-05-23T11:30:40.408929843+09:00" level=info msg="Enabled max body size HTTP middleware with size 4 MB" app_id=inventory instance=ubu scope=dapr.runtime.http type=log ver=1.13.2
time="2024-05-23T11:30:40.409010708+09:00" level=info msg="Enabled tracing HTTP middleware" app_id=inventory instance=ubu scope=dapr.runtime.http type=log ver=1.13.2
time="2024-05-23T11:30:40.409081869+09:00" level=info msg="Enabled metrics HTTP middleware" app_id=inventory instance=ubu scope=dapr.runtime.http type=log ver=1.13.2
time="2024-05-23T11:30:40.409312192+09:00" level=info msg="HTTP server listening on TCP address: :36091" app_id=inventory instance=ubu scope=dapr.runtime.http type=log ver=1.13.2
time="2024-05-23T11:30:40.40943235+09:00" level=info msg="HTTP server is running on port 36091" app_id=inventory instance=ubu scope=dapr.runtime type=log ver=1.13.2
time="2024-05-23T11:30:40.409512233+09:00" level=info msg="The request body size parameter is: 4" app_id=inventory instance=ubu scope=dapr.runtime type=log ver=1.13.2
time="2024-05-23T11:30:40.409602297+09:00" level=info msg="gRPC server listening on TCP address: :37729" app_id=inventory instance=ubu scope=dapr.runtime.grpc.internal type=log ver=1.13.2
time="2024-05-23T11:30:40.409707971+09:00" level=info msg="Enabled gRPC tracing middleware" app_id=inventory instance=ubu scope=dapr.runtime.grpc.internal type=log ver=1.13.2
time="2024-05-23T11:30:40.409780141+09:00" level=info msg="Enabled gRPC metrics middleware" app_id=inventory instance=ubu scope=dapr.runtime.grpc.internal type=log ver=1.13.2
time="2024-05-23T11:30:40.409826565+09:00" level=info msg="Internal gRPC server is running on port 37729" app_id=inventory instance=ubu scope=dapr.runtime type=log ver=1.13.2
time="2024-05-23T11:30:40.410000716+09:00" level=info msg="application protocol: http. waiting on port 3002.  This will block until the app is listening on that port." app_id=inventory instance=ubu scope=dapr.runtime type=log ver=1.13.2
time="2024-05-23T11:30:40.611113191+09:00" level=info msg="application discovered on port 3002" app_id=inventory instance=ubu scope=dapr.runtime type=log ver=1.13.2
time="2024-05-23T11:30:40.613470419+09:00" level=info msg="Application configuration loaded" app_id=inventory instance=ubu scope=dapr.runtime type=log ver=1.13.2
time="2024-05-23T11:30:40.61351628+09:00" level=info msg="Configuring actors placement provider 'placement'. Configuration: 'placement:localhost:50005'" app_id=inventory instance=ubu scope=dapr.runtime.actor type=log ver=1.13.2
time="2024-05-23T11:30:40.613537924+09:00" level=info msg="Configuring actor reminders provider 'default'. Configuration: ''" app_id=inventory instance=ubu scope=dapr.runtime.actor type=log ver=1.13.2
time="2024-05-23T11:30:40.613567476+09:00" level=info msg="Actor runtime started. Actor idle timeout: 1h0m0s. Actor scan interval: 30s" app_id=inventory instance=ubu scope=dapr.runtime.actor type=log ver=1.13.2
time="2024-05-23T11:30:40.613580974+09:00" level=info msg="Configuring workflow engine with actors backend" app_id=inventory instance=ubu scope=dapr.runtime type=log ver=1.13.2
time="2024-05-23T11:30:40.61358754+09:00" level=info msg="Registering component for dapr workflow engine..." app_id=inventory instance=ubu scope=dapr.runtime type=log ver=1.13.2
time="2024-05-23T11:30:40.613600543+09:00" level=info msg="Initializing Dapr workflow component" app_id=inventory component="dapr (workflow.dapr/v1)" instance=ubu scope=dapr.contrib type=log ver=1.13.2
time="2024-05-23T11:30:40.613614756+09:00" level=info msg="Workflow engine initialized." app_id=inventory instance=ubu scope=dapr.runtime type=log ver=1.13.2
time="2024-05-23T11:30:40.615226118+09:00" level=info msg="dapr initialized. Status: Running. Init Elapsed 211ms" app_id=inventory instance=ubu scope=dapr.runtime type=log ver=1.13.2
time="2024-05-23T11:30:40.61805957+09:00" level=info msg="Actor API level in the cluster has been updated to 10" app_id=inventory instance=ubu scope=dapr.runtime.actor type=log ver=1.13.2
time="2024-05-23T11:30:40.618114647+09:00" level=info msg="Placement tables updated, version: 49" app_id=inventory instance=ubu scope=dapr.runtime.actors.placement type=log ver=1.13.2
Updating metadata for app command: python3 app.py
Updating metadata for appPID: 1502215
You're up and running! Dapr logs will appear here.

time="2024-05-23T11:30:53.682710148+09:00" level=info msg="Received signal 'interrupt'; beginning shutdown" app_id=inventory instance=ubu scope=dapr.signals type=log ver=1.13.2

termination signal received: shutting down
Exited Dapr successfully
Exited App successfully
