Starting Dapr with id inventory. HTTP Port: 44605. gRPC Port: 38325
Updating metadata for cliPID: 1498938
time="2024-05-23T11:30:04.624138583+09:00" level=info msg="Starting Dapr Runtime -- version 1.13.2 -- commit f09b193d8ac62bef6c0fd5452a00d2a49cd0d134" app_id=inventory instance=ubu scope=dapr.runtime type=log ver=1.13.2
time="2024-05-23T11:30:04.624363185+09:00" level=info msg="Log level set to: info" app_id=inventory instance=ubu scope=dapr.runtime type=log ver=1.13.2
time="2024-05-23T11:30:04.62466043+09:00" level=warning msg="mTLS is disabled. Skipping certificate request and tls validation" app_id=inventory instance=ubu scope=dapr.runtime.security type=log ver=1.13.2
time="2024-05-23T11:30:04.625003443+09:00" level=warning msg="The default value for 'spec.metric.http.increasedCardinality' will change to 'false' in Dapr 1.14" app_id=inventory instance=ubu scope=dapr.runtime type=log ver=1.13.2
time="2024-05-23T11:30:04.625560102+09:00" level=info msg="metrics server started on :32779/" app_id=inventory instance=ubu scope=dapr.runtime type=log ver=1.13.2
time="2024-05-23T11:30:04.625772666+09:00" level=info msg="standalone mode configured" app_id=inventory instance=ubu scope=dapr.runtime type=log ver=1.13.2
time="2024-05-23T11:30:04.625796917+09:00" level=info msg="app id: inventory" app_id=inventory instance=ubu scope=dapr.runtime type=log ver=1.13.2
time="2024-05-23T11:30:04.625850937+09:00" level=info msg="Dapr trace sampler initialized: DaprTraceSampler(P=1.000000)" app_id=inventory instance=ubu scope=dapr.runtime type=log ver=1.13.2
time="2024-05-23T11:30:04.626324403+09:00" level=info msg="local service entry announced: inventory -> 192.168.2.197:35937" app_id=inventory component="nr (mdns/v1)" instance=ubu scope=dapr.contrib type=log ver=1.13.2
time="2024-05-23T11:30:04.626349477+09:00" level=info msg="Initialized name resolution to mdns" app_id=inventory instance=ubu scope=dapr.runtime type=log ver=1.13.2
time="2024-05-23T11:30:04.626399873+09:00" level=info msg="Loading components…" app_id=inventory instance=ubu scope=dapr.runtime type=log ver=1.13.2
time="2024-05-23T11:30:04.630630926+09:00" level=info msg="Component loaded: orders (pubsub.redis/v1)" app_id=inventory instance=ubu scope=dapr.runtime.processor type=log ver=1.13.2
time="2024-05-23T11:30:04.630924793+09:00" level=info msg="Waiting for all outstanding components to be processed…" app_id=inventory instance=ubu scope=dapr.runtime type=log ver=1.13.2
time="2024-05-23T11:30:04.6322411+09:00" level=info msg="Using 'statestore' as actor state store" app_id=inventory instance=ubu scope=dapr.runtime.processor.state type=log ver=1.13.2
time="2024-05-23T11:30:04.63227207+09:00" level=info msg="Component loaded: statestore (state.redis/v1)" app_id=inventory instance=ubu scope=dapr.runtime.processor type=log ver=1.13.2
time="2024-05-23T11:30:04.632282913+09:00" level=info msg="All outstanding components processed" app_id=inventory instance=ubu scope=dapr.runtime type=log ver=1.13.2
time="2024-05-23T11:30:04.63256608+09:00" level=info msg="Loading endpoints…" app_id=inventory instance=ubu scope=dapr.runtime type=log ver=1.13.2
time="2024-05-23T11:30:04.632759604+09:00" level=info msg="Waiting for all outstanding http endpoints to be processed…" app_id=inventory instance=ubu scope=dapr.runtime type=log ver=1.13.2
time="2024-05-23T11:30:04.632772023+09:00" level=info msg="All outstanding http endpoints processed" app_id=inventory instance=ubu scope=dapr.runtime type=log ver=1.13.2
time="2024-05-23T11:30:04.632840076+09:00" level=info msg="gRPC server listening on TCP address: :38325" app_id=inventory instance=ubu scope=dapr.runtime.grpc.api type=log ver=1.13.2
time="2024-05-23T11:30:04.632850275+09:00" level=info msg="Enabled gRPC tracing middleware" app_id=inventory instance=ubu scope=dapr.runtime.grpc.api type=log ver=1.13.2
time="2024-05-23T11:30:04.632854347+09:00" level=info msg="Enabled gRPC metrics middleware" app_id=inventory instance=ubu scope=dapr.runtime.grpc.api type=log ver=1.13.2
time="2024-05-23T11:30:04.632895191+09:00" level=info msg="Registering workflow engine for gRPC endpoint: [::]:38325" app_id=inventory instance=ubu scope=dapr.runtime.grpc.api type=log ver=1.13.2
time="2024-05-23T11:30:04.632912018+09:00" level=info msg="API gRPC server is running on port 38325" app_id=inventory instance=ubu scope=dapr.runtime type=log ver=1.13.2
time="2024-05-23T11:30:04.632947028+09:00" level=info msg="Enabled max body size HTTP middleware with size 4 MB" app_id=inventory instance=ubu scope=dapr.runtime.http type=log ver=1.13.2
time="2024-05-23T11:30:04.632953848+09:00" level=info msg="Enabled tracing HTTP middleware" app_id=inventory instance=ubu scope=dapr.runtime.http type=log ver=1.13.2
time="2024-05-23T11:30:04.632957677+09:00" level=info msg="Enabled metrics HTTP middleware" app_id=inventory instance=ubu scope=dapr.runtime.http type=log ver=1.13.2
time="2024-05-23T11:30:04.633126142+09:00" level=info msg="HTTP server listening on TCP address: :44605" app_id=inventory instance=ubu scope=dapr.runtime.http type=log ver=1.13.2
time="2024-05-23T11:30:04.633145717+09:00" level=info msg="HTTP server is running on port 44605" app_id=inventory instance=ubu scope=dapr.runtime type=log ver=1.13.2
time="2024-05-23T11:30:04.6331523+09:00" level=info msg="The request body size parameter is: 4" app_id=inventory instance=ubu scope=dapr.runtime type=log ver=1.13.2
time="2024-05-23T11:30:04.633170459+09:00" level=info msg="gRPC server listening on TCP address: :35937" app_id=inventory instance=ubu scope=dapr.runtime.grpc.internal type=log ver=1.13.2
time="2024-05-23T11:30:04.633177531+09:00" level=info msg="Enabled gRPC tracing middleware" app_id=inventory instance=ubu scope=dapr.runtime.grpc.internal type=log ver=1.13.2
time="2024-05-23T11:30:04.633183066+09:00" level=info msg="Enabled gRPC metrics middleware" app_id=inventory instance=ubu scope=dapr.runtime.grpc.internal type=log ver=1.13.2
time="2024-05-23T11:30:04.633204862+09:00" level=info msg="Internal gRPC server is running on port 35937" app_id=inventory instance=ubu scope=dapr.runtime type=log ver=1.13.2
time="2024-05-23T11:30:04.633253812+09:00" level=info msg="application protocol: http. waiting on port 3002.  This will block until the app is listening on that port." app_id=inventory instance=ubu scope=dapr.runtime type=log ver=1.13.2
time="2024-05-23T11:30:04.834972024+09:00" level=info msg="application discovered on port 3002" app_id=inventory instance=ubu scope=dapr.runtime type=log ver=1.13.2
time="2024-05-23T11:30:04.837011424+09:00" level=info msg="Application configuration loaded" app_id=inventory instance=ubu scope=dapr.runtime type=log ver=1.13.2
time="2024-05-23T11:30:04.837213014+09:00" level=info msg="Configuring actors placement provider 'placement'. Configuration: 'placement:localhost:50005'" app_id=inventory instance=ubu scope=dapr.runtime.actor type=log ver=1.13.2
time="2024-05-23T11:30:04.837236699+09:00" level=info msg="Configuring actor reminders provider 'default'. Configuration: ''" app_id=inventory instance=ubu scope=dapr.runtime.actor type=log ver=1.13.2
time="2024-05-23T11:30:04.837268405+09:00" level=info msg="Actor runtime started. Actor idle timeout: 1h0m0s. Actor scan interval: 30s" app_id=inventory instance=ubu scope=dapr.runtime.actor type=log ver=1.13.2
time="2024-05-23T11:30:04.837288552+09:00" level=info msg="Configuring workflow engine with actors backend" app_id=inventory instance=ubu scope=dapr.runtime type=log ver=1.13.2
time="2024-05-23T11:30:04.837297063+09:00" level=info msg="Registering component for dapr workflow engine..." app_id=inventory instance=ubu scope=dapr.runtime type=log ver=1.13.2
time="2024-05-23T11:30:04.837310185+09:00" level=info msg="Initializing Dapr workflow component" app_id=inventory component="dapr (workflow.dapr/v1)" instance=ubu scope=dapr.contrib type=log ver=1.13.2
time="2024-05-23T11:30:04.837322894+09:00" level=info msg="Workflow engine initialized." app_id=inventory instance=ubu scope=dapr.runtime type=log ver=1.13.2
time="2024-05-23T11:30:04.839129535+09:00" level=info msg="dapr initialized. Status: Running. Init Elapsed 213ms" app_id=inventory instance=ubu scope=dapr.runtime type=log ver=1.13.2
time="2024-05-23T11:30:04.841717371+09:00" level=info msg="Actor API level in the cluster has been updated to 10" app_id=inventory instance=ubu scope=dapr.runtime.actor type=log ver=1.13.2
time="2024-05-23T11:30:04.841740986+09:00" level=info msg="Placement tables updated, version: 47" app_id=inventory instance=ubu scope=dapr.runtime.actors.placement type=log ver=1.13.2
Updating metadata for app command: python3 app.py
Updating metadata for appPID: 1499392
You're up and running! Dapr logs will appear here.


termination signal received: shutting down
Exited Dapr successfully
Exited App successfully
