Starting Dapr with id inventory. HTTP Port: 39873. gRPC Port: 40621
Updating metadata for cliPID: 1491608
time="2024-05-23T11:28:02.470435382+09:00" level=info msg="Starting Dapr Runtime -- version 1.13.2 -- commit f09b193d8ac62bef6c0fd5452a00d2a49cd0d134" app_id=inventory instance=ubu scope=dapr.runtime type=log ver=1.13.2
time="2024-05-23T11:28:02.470689221+09:00" level=info msg="Log level set to: info" app_id=inventory instance=ubu scope=dapr.runtime type=log ver=1.13.2
time="2024-05-23T11:28:02.471018626+09:00" level=warning msg="mTLS is disabled. Skipping certificate request and tls validation" app_id=inventory instance=ubu scope=dapr.runtime.security type=log ver=1.13.2
time="2024-05-23T11:28:02.471400082+09:00" level=warning msg="The default value for 'spec.metric.http.increasedCardinality' will change to 'false' in Dapr 1.14" app_id=inventory instance=ubu scope=dapr.runtime type=log ver=1.13.2
time="2024-05-23T11:28:02.472020821+09:00" level=info msg="metrics server started on :36057/" app_id=inventory instance=ubu scope=dapr.runtime type=log ver=1.13.2
time="2024-05-23T11:28:02.472040056+09:00" level=info msg="standalone mode configured" app_id=inventory instance=ubu scope=dapr.runtime type=log ver=1.13.2
time="2024-05-23T11:28:02.472304465+09:00" level=info msg="app id: inventory" app_id=inventory instance=ubu scope=dapr.runtime type=log ver=1.13.2
time="2024-05-23T11:28:02.472361263+09:00" level=info msg="Dapr trace sampler initialized: DaprTraceSampler(P=1.000000)" app_id=inventory instance=ubu scope=dapr.runtime type=log ver=1.13.2
time="2024-05-23T11:28:02.472719226+09:00" level=info msg="local service entry announced: inventory -> 192.168.2.197:44243" app_id=inventory component="nr (mdns/v1)" instance=ubu scope=dapr.contrib type=log ver=1.13.2
time="2024-05-23T11:28:02.472749803+09:00" level=info msg="Initialized name resolution to mdns" app_id=inventory instance=ubu scope=dapr.runtime type=log ver=1.13.2
time="2024-05-23T11:28:02.472787063+09:00" level=info msg="Loading components…" app_id=inventory instance=ubu scope=dapr.runtime type=log ver=1.13.2
time="2024-05-23T11:28:02.475273314+09:00" level=info msg="Component loaded: orders (pubsub.redis/v1)" app_id=inventory instance=ubu scope=dapr.runtime.processor type=log ver=1.13.2
time="2024-05-23T11:28:02.475520715+09:00" level=info msg="Waiting for all outstanding components to be processed…" app_id=inventory instance=ubu scope=dapr.runtime type=log ver=1.13.2
time="2024-05-23T11:28:02.476270677+09:00" level=info msg="Using 'statestore' as actor state store" app_id=inventory instance=ubu scope=dapr.runtime.processor.state type=log ver=1.13.2
time="2024-05-23T11:28:02.47631284+09:00" level=info msg="Component loaded: statestore (state.redis/v1)" app_id=inventory instance=ubu scope=dapr.runtime.processor type=log ver=1.13.2
time="2024-05-23T11:28:02.476473022+09:00" level=info msg="All outstanding components processed" app_id=inventory instance=ubu scope=dapr.runtime type=log ver=1.13.2
time="2024-05-23T11:28:02.476499511+09:00" level=info msg="Loading endpoints…" app_id=inventory instance=ubu scope=dapr.runtime type=log ver=1.13.2
time="2024-05-23T11:28:02.4766571+09:00" level=info msg="Waiting for all outstanding http endpoints to be processed…" app_id=inventory instance=ubu scope=dapr.runtime type=log ver=1.13.2
time="2024-05-23T11:28:02.476673084+09:00" level=info msg="All outstanding http endpoints processed" app_id=inventory instance=ubu scope=dapr.runtime type=log ver=1.13.2
time="2024-05-23T11:28:02.476743583+09:00" level=info msg="gRPC server listening on TCP address: :40621" app_id=inventory instance=ubu scope=dapr.runtime.grpc.api type=log ver=1.13.2
time="2024-05-23T11:28:02.476757821+09:00" level=info msg="Enabled gRPC tracing middleware" app_id=inventory instance=ubu scope=dapr.runtime.grpc.api type=log ver=1.13.2
time="2024-05-23T11:28:02.476764087+09:00" level=info msg="Enabled gRPC metrics middleware" app_id=inventory instance=ubu scope=dapr.runtime.grpc.api type=log ver=1.13.2
time="2024-05-23T11:28:02.476808461+09:00" level=info msg="Registering workflow engine for gRPC endpoint: [::]:40621" app_id=inventory instance=ubu scope=dapr.runtime.grpc.api type=log ver=1.13.2
time="2024-05-23T11:28:02.476834326+09:00" level=info msg="API gRPC server is running on port 40621" app_id=inventory instance=ubu scope=dapr.runtime type=log ver=1.13.2
time="2024-05-23T11:28:02.47687268+09:00" level=info msg="Enabled max body size HTTP middleware with size 4 MB" app_id=inventory instance=ubu scope=dapr.runtime.http type=log ver=1.13.2
time="2024-05-23T11:28:02.476881568+09:00" level=info msg="Enabled tracing HTTP middleware" app_id=inventory instance=ubu scope=dapr.runtime.http type=log ver=1.13.2
time="2024-05-23T11:28:02.476887355+09:00" level=info msg="Enabled metrics HTTP middleware" app_id=inventory instance=ubu scope=dapr.runtime.http type=log ver=1.13.2
time="2024-05-23T11:28:02.477043435+09:00" level=info msg="HTTP server listening on TCP address: :39873" app_id=inventory instance=ubu scope=dapr.runtime.http type=log ver=1.13.2
time="2024-05-23T11:28:02.47706609+09:00" level=info msg="HTTP server is running on port 39873" app_id=inventory instance=ubu scope=dapr.runtime type=log ver=1.13.2
time="2024-05-23T11:28:02.477072386+09:00" level=info msg="The request body size parameter is: 4" app_id=inventory instance=ubu scope=dapr.runtime type=log ver=1.13.2
time="2024-05-23T11:28:02.477086659+09:00" level=info msg="gRPC server listening on TCP address: :44243" app_id=inventory instance=ubu scope=dapr.runtime.grpc.internal type=log ver=1.13.2
time="2024-05-23T11:28:02.47709547+09:00" level=info msg="Enabled gRPC tracing middleware" app_id=inventory instance=ubu scope=dapr.runtime.grpc.internal type=log ver=1.13.2
time="2024-05-23T11:28:02.477101593+09:00" level=info msg="Enabled gRPC metrics middleware" app_id=inventory instance=ubu scope=dapr.runtime.grpc.internal type=log ver=1.13.2
time="2024-05-23T11:28:02.477120626+09:00" level=info msg="Internal gRPC server is running on port 44243" app_id=inventory instance=ubu scope=dapr.runtime type=log ver=1.13.2
time="2024-05-23T11:28:02.47715328+09:00" level=info msg="application protocol: http. waiting on port 3002.  This will block until the app is listening on that port." app_id=inventory instance=ubu scope=dapr.runtime type=log ver=1.13.2
time="2024-05-23T11:28:02.679115828+09:00" level=info msg="application discovered on port 3002" app_id=inventory instance=ubu scope=dapr.runtime type=log ver=1.13.2
time="2024-05-23T11:28:02.681352892+09:00" level=info msg="Application configuration loaded" app_id=inventory instance=ubu scope=dapr.runtime type=log ver=1.13.2
time="2024-05-23T11:28:02.681400234+09:00" level=info msg="Configuring actors placement provider 'placement'. Configuration: 'placement:localhost:50005'" app_id=inventory instance=ubu scope=dapr.runtime.actor type=log ver=1.13.2
time="2024-05-23T11:28:02.681418413+09:00" level=info msg="Configuring actor reminders provider 'default'. Configuration: ''" app_id=inventory instance=ubu scope=dapr.runtime.actor type=log ver=1.13.2
time="2024-05-23T11:28:02.681456316+09:00" level=info msg="Actor runtime started. Actor idle timeout: 1h0m0s. Actor scan interval: 30s" app_id=inventory instance=ubu scope=dapr.runtime.actor type=log ver=1.13.2
time="2024-05-23T11:28:02.681474678+09:00" level=info msg="Configuring workflow engine with actors backend" app_id=inventory instance=ubu scope=dapr.runtime type=log ver=1.13.2
time="2024-05-23T11:28:02.68148393+09:00" level=info msg="Registering component for dapr workflow engine..." app_id=inventory instance=ubu scope=dapr.runtime type=log ver=1.13.2
time="2024-05-23T11:28:02.681499079+09:00" level=info msg="Initializing Dapr workflow component" app_id=inventory component="dapr (workflow.dapr/v1)" instance=ubu scope=dapr.contrib type=log ver=1.13.2
time="2024-05-23T11:28:02.681512533+09:00" level=info msg="Workflow engine initialized." app_id=inventory instance=ubu scope=dapr.runtime type=log ver=1.13.2
time="2024-05-23T11:28:02.683435249+09:00" level=info msg="dapr initialized. Status: Running. Init Elapsed 211ms" app_id=inventory instance=ubu scope=dapr.runtime type=log ver=1.13.2
time="2024-05-23T11:28:02.686108513+09:00" level=info msg="Actor API level in the cluster has been updated to 10" app_id=inventory instance=ubu scope=dapr.runtime.actor type=log ver=1.13.2
time="2024-05-23T11:28:02.686159341+09:00" level=info msg="Placement tables updated, version: 45" app_id=inventory instance=ubu scope=dapr.runtime.actors.placement type=log ver=1.13.2
Updating metadata for app command: python3 app.py
Updating metadata for appPID: 1492274
You're up and running! Dapr logs will appear here.

time="2024-05-23T11:28:47.462731366+09:00" level=info msg="Received signal 'interrupt'; beginning shutdown" app_id=inventory instance=ubu scope=dapr.signals type=log ver=1.13.2
time="2024-05-23T11:28:47.462882825+09:00" level=info msg="Closing HTTP server [::]:39873…" app_id=inventory instance=ubu scope=dapr.runtime.http type=log ver=1.13.2
time="2024-05-23T11:28:47.463025762+09:00" level=info msg="Shutting down actor" app_id=inventory instance=ubu scope=dapr.runtime type=log ver=1.13.2
time="2024-05-23T11:28:47.463049376+09:00" level=info msg="Dapr is shutting down" app_id=inventory instance=ubu scope=dapr.runtime type=log ver=1.13.2
time="2024-05-23T11:28:47.46306616+09:00" level=info msg="Shutting down component statestore (state.redis/v1)" app_id=inventory instance=ubu scope=dapr.runtime type=log ver=1.13.2
time="2024-05-23T11:28:47.463155197+09:00" level=info msg="stopping mDNS server for app id: inventory" app_id=inventory component="nr (mdns/v1)" instance=ubu scope=dapr.contrib type=log ver=1.13.2
time="2024-05-23T11:28:47.463076154+09:00" level=info msg="Shutting down workflow engine" app_id=inventory instance=ubu scope=dapr.runtime type=log ver=1.13.2
time="2024-05-23T11:28:47.463116457+09:00" level=info msg="Shutting down component orders (pubsub.redis/v1)" app_id=inventory instance=ubu scope=dapr.runtime type=log ver=1.13.2

termination signal received: shutting down
Exited Dapr successfully
Exited App successfully
