Starting Dapr with id payments. HTTP Port: 44259. gRPC Port: 44081
Updating metadata for cliPID: 1491608
time="2024-05-23T11:28:03.491271474+09:00" level=info msg="Starting Dapr Runtime -- version 1.13.2 -- commit f09b193d8ac62bef6c0fd5452a00d2a49cd0d134" app_id=payments instance=ubu scope=dapr.runtime type=log ver=1.13.2
time="2024-05-23T11:28:03.491324695+09:00" level=info msg="Log level set to: info" app_id=payments instance=ubu scope=dapr.runtime type=log ver=1.13.2
time="2024-05-23T11:28:03.491621823+09:00" level=warning msg="mTLS is disabled. Skipping certificate request and tls validation" app_id=payments instance=ubu scope=dapr.runtime.security type=log ver=1.13.2
time="2024-05-23T11:28:03.492002238+09:00" level=warning msg="The default value for 'spec.metric.http.increasedCardinality' will change to 'false' in Dapr 1.14" app_id=payments instance=ubu scope=dapr.runtime type=log ver=1.13.2
time="2024-05-23T11:28:03.492731294+09:00" level=info msg="metrics server started on :36669/" app_id=payments instance=ubu scope=dapr.runtime type=log ver=1.13.2
time="2024-05-23T11:28:03.492982445+09:00" level=info msg="standalone mode configured" app_id=payments instance=ubu scope=dapr.runtime type=log ver=1.13.2
time="2024-05-23T11:28:03.493018645+09:00" level=info msg="app id: payments" app_id=payments instance=ubu scope=dapr.runtime type=log ver=1.13.2
time="2024-05-23T11:28:03.493080389+09:00" level=info msg="Dapr trace sampler initialized: DaprTraceSampler(P=1.000000)" app_id=payments instance=ubu scope=dapr.runtime type=log ver=1.13.2
time="2024-05-23T11:28:03.493560471+09:00" level=info msg="local service entry announced: payments -> 192.168.2.197:46009" app_id=payments component="nr (mdns/v1)" instance=ubu scope=dapr.contrib type=log ver=1.13.2
time="2024-05-23T11:28:03.493619442+09:00" level=info msg="Initialized name resolution to mdns" app_id=payments instance=ubu scope=dapr.runtime type=log ver=1.13.2
time="2024-05-23T11:28:03.493677844+09:00" level=info msg="Loading components…" app_id=payments instance=ubu scope=dapr.runtime type=log ver=1.13.2
time="2024-05-23T11:28:03.496563913+09:00" level=info msg="Component loaded: orders (pubsub.redis/v1)" app_id=payments instance=ubu scope=dapr.runtime.processor type=log ver=1.13.2
time="2024-05-23T11:28:03.49678193+09:00" level=info msg="Waiting for all outstanding components to be processed…" app_id=payments instance=ubu scope=dapr.runtime type=log ver=1.13.2
time="2024-05-23T11:28:03.497717143+09:00" level=info msg="Using 'statestore' as actor state store" app_id=payments instance=ubu scope=dapr.runtime.processor.state type=log ver=1.13.2
time="2024-05-23T11:28:03.497773415+09:00" level=info msg="Component loaded: statestore (state.redis/v1)" app_id=payments instance=ubu scope=dapr.runtime.processor type=log ver=1.13.2
time="2024-05-23T11:28:03.497792646+09:00" level=info msg="All outstanding components processed" app_id=payments instance=ubu scope=dapr.runtime type=log ver=1.13.2
time="2024-05-23T11:28:03.497816436+09:00" level=info msg="Loading endpoints…" app_id=payments instance=ubu scope=dapr.runtime type=log ver=1.13.2
time="2024-05-23T11:28:03.49805568+09:00" level=info msg="Waiting for all outstanding http endpoints to be processed…" app_id=payments instance=ubu scope=dapr.runtime type=log ver=1.13.2
time="2024-05-23T11:28:03.498081399+09:00" level=info msg="All outstanding http endpoints processed" app_id=payments instance=ubu scope=dapr.runtime type=log ver=1.13.2
time="2024-05-23T11:28:03.498160998+09:00" level=info msg="gRPC server listening on TCP address: :44081" app_id=payments instance=ubu scope=dapr.runtime.grpc.api type=log ver=1.13.2
time="2024-05-23T11:28:03.498179251+09:00" level=info msg="Enabled gRPC tracing middleware" app_id=payments instance=ubu scope=dapr.runtime.grpc.api type=log ver=1.13.2
time="2024-05-23T11:28:03.49818835+09:00" level=info msg="Enabled gRPC metrics middleware" app_id=payments instance=ubu scope=dapr.runtime.grpc.api type=log ver=1.13.2
time="2024-05-23T11:28:03.498258179+09:00" level=info msg="Registering workflow engine for gRPC endpoint: [::]:44081" app_id=payments instance=ubu scope=dapr.runtime.grpc.api type=log ver=1.13.2
time="2024-05-23T11:28:03.498305544+09:00" level=info msg="API gRPC server is running on port 44081" app_id=payments instance=ubu scope=dapr.runtime type=log ver=1.13.2
time="2024-05-23T11:28:03.498369798+09:00" level=info msg="Enabled max body size HTTP middleware with size 4 MB" app_id=payments instance=ubu scope=dapr.runtime.http type=log ver=1.13.2
time="2024-05-23T11:28:03.49838742+09:00" level=info msg="Enabled tracing HTTP middleware" app_id=payments instance=ubu scope=dapr.runtime.http type=log ver=1.13.2
time="2024-05-23T11:28:03.498397816+09:00" level=info msg="Enabled metrics HTTP middleware" app_id=payments instance=ubu scope=dapr.runtime.http type=log ver=1.13.2
time="2024-05-23T11:28:03.498714989+09:00" level=info msg="HTTP server listening on TCP address: :44259" app_id=payments instance=ubu scope=dapr.runtime.http type=log ver=1.13.2
time="2024-05-23T11:28:03.498761983+09:00" level=info msg="HTTP server is running on port 44259" app_id=payments instance=ubu scope=dapr.runtime type=log ver=1.13.2
time="2024-05-23T11:28:03.498774787+09:00" level=info msg="The request body size parameter is: 4" app_id=payments instance=ubu scope=dapr.runtime type=log ver=1.13.2
time="2024-05-23T11:28:03.498803397+09:00" level=info msg="gRPC server listening on TCP address: :46009" app_id=payments instance=ubu scope=dapr.runtime.grpc.internal type=log ver=1.13.2
time="2024-05-23T11:28:03.498818387+09:00" level=info msg="Enabled gRPC tracing middleware" app_id=payments instance=ubu scope=dapr.runtime.grpc.internal type=log ver=1.13.2
time="2024-05-23T11:28:03.49882728+09:00" level=info msg="Enabled gRPC metrics middleware" app_id=payments instance=ubu scope=dapr.runtime.grpc.internal type=log ver=1.13.2
time="2024-05-23T11:28:03.498865975+09:00" level=info msg="Internal gRPC server is running on port 46009" app_id=payments instance=ubu scope=dapr.runtime type=log ver=1.13.2
time="2024-05-23T11:28:03.498921429+09:00" level=info msg="application protocol: http. waiting on port 3003.  This will block until the app is listening on that port." app_id=payments instance=ubu scope=dapr.runtime type=log ver=1.13.2
time="2024-05-23T11:28:03.700393918+09:00" level=info msg="application discovered on port 3003" app_id=payments instance=ubu scope=dapr.runtime type=log ver=1.13.2
time="2024-05-23T11:28:03.702279426+09:00" level=info msg="Application configuration loaded" app_id=payments instance=ubu scope=dapr.runtime type=log ver=1.13.2
time="2024-05-23T11:28:03.702326951+09:00" level=info msg="Configuring actors placement provider 'placement'. Configuration: 'placement:localhost:50005'" app_id=payments instance=ubu scope=dapr.runtime.actor type=log ver=1.13.2
time="2024-05-23T11:28:03.702344537+09:00" level=info msg="Configuring actor reminders provider 'default'. Configuration: ''" app_id=payments instance=ubu scope=dapr.runtime.actor type=log ver=1.13.2
time="2024-05-23T11:28:03.702368468+09:00" level=info msg="Actor runtime started. Actor idle timeout: 1h0m0s. Actor scan interval: 30s" app_id=payments instance=ubu scope=dapr.runtime.actor type=log ver=1.13.2
time="2024-05-23T11:28:03.70238026+09:00" level=info msg="Configuring workflow engine with actors backend" app_id=payments instance=ubu scope=dapr.runtime type=log ver=1.13.2
time="2024-05-23T11:28:03.70238698+09:00" level=info msg="Registering component for dapr workflow engine..." app_id=payments instance=ubu scope=dapr.runtime type=log ver=1.13.2
time="2024-05-23T11:28:03.702398097+09:00" level=info msg="Initializing Dapr workflow component" app_id=payments component="dapr (workflow.dapr/v1)" instance=ubu scope=dapr.contrib type=log ver=1.13.2
time="2024-05-23T11:28:03.702407531+09:00" level=info msg="Workflow engine initialized." app_id=payments instance=ubu scope=dapr.runtime type=log ver=1.13.2
time="2024-05-23T11:28:03.70410395+09:00" level=info msg="dapr initialized. Status: Running. Init Elapsed 211ms" app_id=payments instance=ubu scope=dapr.runtime type=log ver=1.13.2
time="2024-05-23T11:28:03.706143389+09:00" level=info msg="Actor API level in the cluster has been updated to 10" app_id=payments instance=ubu scope=dapr.runtime.actor type=log ver=1.13.2
time="2024-05-23T11:28:03.706183824+09:00" level=info msg="Placement tables updated, version: 45" app_id=payments instance=ubu scope=dapr.runtime.actors.placement type=log ver=1.13.2
Updating metadata for app command: python3 app.py
Updating metadata for appPID: 1492421
You're up and running! Dapr logs will appear here.

time="2024-05-23T11:28:47.46185219+09:00" level=info msg="Received signal 'interrupt'; beginning shutdown" app_id=payments instance=ubu scope=dapr.signals type=log ver=1.13.2
time="2024-05-23T11:28:47.462394321+09:00" level=info msg="Dapr is shutting down" app_id=payments instance=ubu scope=dapr.runtime type=log ver=1.13.2
time="2024-05-23T11:28:47.462433058+09:00" level=info msg="Shutting down component statestore (state.redis/v1)" app_id=payments instance=ubu scope=dapr.runtime type=log ver=1.13.2
time="2024-05-23T11:28:47.462397796+09:00" level=info msg="Shutting down workflow engine" app_id=payments instance=ubu scope=dapr.runtime type=log ver=1.13.2
time="2024-05-23T11:28:47.462597443+09:00" level=info msg="Shutting down component orders (pubsub.redis/v1)" app_id=payments instance=ubu scope=dapr.runtime type=log ver=1.13.2
time="2024-05-23T11:28:47.462399497+09:00" level=info msg="Shutting down actor" app_id=payments instance=ubu scope=dapr.runtime type=log ver=1.13.2
time="2024-05-23T11:28:47.463096413+09:00" level=info msg="Dapr runtime stopped" app_id=payments instance=ubu scope=dapr.runtime type=log ver=1.13.2
time="2024-05-23T11:28:47.463371717+09:00" level=info msg="Closing HTTP server [::]:44259…" app_id=payments instance=ubu scope=dapr.runtime.http type=log ver=1.13.2
time="2024-05-23T11:28:47.462463566+09:00" level=info msg="stopping mDNS server for app id: payments" app_id=payments component="nr (mdns/v1)" instance=ubu scope=dapr.contrib type=log ver=1.13.2

termination signal received: shutting down
Exited Dapr successfully
Exited App successfully
