Starting Dapr with id payments. HTTP Port: 40469. gRPC Port: 36213
Updating metadata for cliPID: 1498938
time="2024-05-23T11:30:05.63132051+09:00" level=info msg="Starting Dapr Runtime -- version 1.13.2 -- commit f09b193d8ac62bef6c0fd5452a00d2a49cd0d134" app_id=payments instance=ubu scope=dapr.runtime type=log ver=1.13.2
time="2024-05-23T11:30:05.631495189+09:00" level=info msg="Log level set to: info" app_id=payments instance=ubu scope=dapr.runtime type=log ver=1.13.2
time="2024-05-23T11:30:05.631691229+09:00" level=warning msg="mTLS is disabled. Skipping certificate request and tls validation" app_id=payments instance=ubu scope=dapr.runtime.security type=log ver=1.13.2
time="2024-05-23T11:30:05.632008388+09:00" level=warning msg="The default value for 'spec.metric.http.increasedCardinality' will change to 'false' in Dapr 1.14" app_id=payments instance=ubu scope=dapr.runtime type=log ver=1.13.2
time="2024-05-23T11:30:05.632475771+09:00" level=info msg="metrics server started on :43531/" app_id=payments instance=ubu scope=dapr.runtime type=log ver=1.13.2
time="2024-05-23T11:30:05.632630578+09:00" level=info msg="standalone mode configured" app_id=payments instance=ubu scope=dapr.runtime type=log ver=1.13.2
time="2024-05-23T11:30:05.632646485+09:00" level=info msg="app id: payments" app_id=payments instance=ubu scope=dapr.runtime type=log ver=1.13.2
time="2024-05-23T11:30:05.632680672+09:00" level=info msg="Dapr trace sampler initialized: DaprTraceSampler(P=1.000000)" app_id=payments instance=ubu scope=dapr.runtime type=log ver=1.13.2
time="2024-05-23T11:30:05.633022843+09:00" level=info msg="local service entry announced: payments -> 192.168.2.197:42779" app_id=payments component="nr (mdns/v1)" instance=ubu scope=dapr.contrib type=log ver=1.13.2
time="2024-05-23T11:30:05.633035893+09:00" level=info msg="Initialized name resolution to mdns" app_id=payments instance=ubu scope=dapr.runtime type=log ver=1.13.2
time="2024-05-23T11:30:05.633065291+09:00" level=info msg="Loading components…" app_id=payments instance=ubu scope=dapr.runtime type=log ver=1.13.2
time="2024-05-23T11:30:05.634605685+09:00" level=info msg="Component loaded: orders (pubsub.redis/v1)" app_id=payments instance=ubu scope=dapr.runtime.processor type=log ver=1.13.2
time="2024-05-23T11:30:05.634769081+09:00" level=info msg="Waiting for all outstanding components to be processed…" app_id=payments instance=ubu scope=dapr.runtime type=log ver=1.13.2
time="2024-05-23T11:30:05.636125982+09:00" level=info msg="Using 'statestore' as actor state store" app_id=payments instance=ubu scope=dapr.runtime.processor.state type=log ver=1.13.2
time="2024-05-23T11:30:05.636157083+09:00" level=info msg="Component loaded: statestore (state.redis/v1)" app_id=payments instance=ubu scope=dapr.runtime.processor type=log ver=1.13.2
time="2024-05-23T11:30:05.636167373+09:00" level=info msg="All outstanding components processed" app_id=payments instance=ubu scope=dapr.runtime type=log ver=1.13.2
time="2024-05-23T11:30:05.636183996+09:00" level=info msg="Loading endpoints…" app_id=payments instance=ubu scope=dapr.runtime type=log ver=1.13.2
time="2024-05-23T11:30:05.636368043+09:00" level=info msg="Waiting for all outstanding http endpoints to be processed…" app_id=payments instance=ubu scope=dapr.runtime type=log ver=1.13.2
time="2024-05-23T11:30:05.636377826+09:00" level=info msg="All outstanding http endpoints processed" app_id=payments instance=ubu scope=dapr.runtime type=log ver=1.13.2
time="2024-05-23T11:30:05.636426212+09:00" level=info msg="gRPC server listening on TCP address: :36213" app_id=payments instance=ubu scope=dapr.runtime.grpc.api type=log ver=1.13.2
time="2024-05-23T11:30:05.63643617+09:00" level=info msg="Enabled gRPC tracing middleware" app_id=payments instance=ubu scope=dapr.runtime.grpc.api type=log ver=1.13.2
time="2024-05-23T11:30:05.636439836+09:00" level=info msg="Enabled gRPC metrics middleware" app_id=payments instance=ubu scope=dapr.runtime.grpc.api type=log ver=1.13.2
time="2024-05-23T11:30:05.63648484+09:00" level=info msg="Registering workflow engine for gRPC endpoint: [::]:36213" app_id=payments instance=ubu scope=dapr.runtime.grpc.api type=log ver=1.13.2
time="2024-05-23T11:30:05.637687133+09:00" level=info msg="API gRPC server is running on port 36213" app_id=payments instance=ubu scope=dapr.runtime type=log ver=1.13.2
time="2024-05-23T11:30:05.637830233+09:00" level=info msg="Enabled max body size HTTP middleware with size 4 MB" app_id=payments instance=ubu scope=dapr.runtime.http type=log ver=1.13.2
time="2024-05-23T11:30:05.637860999+09:00" level=info msg="Enabled tracing HTTP middleware" app_id=payments instance=ubu scope=dapr.runtime.http type=log ver=1.13.2
time="2024-05-23T11:30:05.637876423+09:00" level=info msg="Enabled metrics HTTP middleware" app_id=payments instance=ubu scope=dapr.runtime.http type=log ver=1.13.2
time="2024-05-23T11:30:05.638077742+09:00" level=info msg="HTTP server listening on TCP address: :40469" app_id=payments instance=ubu scope=dapr.runtime.http type=log ver=1.13.2
time="2024-05-23T11:30:05.638119404+09:00" level=info msg="HTTP server is running on port 40469" app_id=payments instance=ubu scope=dapr.runtime type=log ver=1.13.2
time="2024-05-23T11:30:05.638163969+09:00" level=info msg="The request body size parameter is: 4" app_id=payments instance=ubu scope=dapr.runtime type=log ver=1.13.2
time="2024-05-23T11:30:05.638191939+09:00" level=info msg="gRPC server listening on TCP address: :42779" app_id=payments instance=ubu scope=dapr.runtime.grpc.internal type=log ver=1.13.2
time="2024-05-23T11:30:05.638212039+09:00" level=info msg="Enabled gRPC tracing middleware" app_id=payments instance=ubu scope=dapr.runtime.grpc.internal type=log ver=1.13.2
time="2024-05-23T11:30:05.638225985+09:00" level=info msg="Enabled gRPC metrics middleware" app_id=payments instance=ubu scope=dapr.runtime.grpc.internal type=log ver=1.13.2
time="2024-05-23T11:30:05.638262777+09:00" level=info msg="Internal gRPC server is running on port 42779" app_id=payments instance=ubu scope=dapr.runtime type=log ver=1.13.2
time="2024-05-23T11:30:05.638331611+09:00" level=info msg="application protocol: http. waiting on port 3003.  This will block until the app is listening on that port." app_id=payments instance=ubu scope=dapr.runtime type=log ver=1.13.2
time="2024-05-23T11:30:05.839316155+09:00" level=info msg="application discovered on port 3003" app_id=payments instance=ubu scope=dapr.runtime type=log ver=1.13.2
time="2024-05-23T11:30:05.841934737+09:00" level=info msg="Application configuration loaded" app_id=payments instance=ubu scope=dapr.runtime type=log ver=1.13.2
time="2024-05-23T11:30:05.841975114+09:00" level=info msg="Configuring actors placement provider 'placement'. Configuration: 'placement:localhost:50005'" app_id=payments instance=ubu scope=dapr.runtime.actor type=log ver=1.13.2
time="2024-05-23T11:30:05.841999574+09:00" level=info msg="Configuring actor reminders provider 'default'. Configuration: ''" app_id=payments instance=ubu scope=dapr.runtime.actor type=log ver=1.13.2
time="2024-05-23T11:30:05.842029062+09:00" level=info msg="Actor runtime started. Actor idle timeout: 1h0m0s. Actor scan interval: 30s" app_id=payments instance=ubu scope=dapr.runtime.actor type=log ver=1.13.2
time="2024-05-23T11:30:05.842042598+09:00" level=info msg="Configuring workflow engine with actors backend" app_id=payments instance=ubu scope=dapr.runtime type=log ver=1.13.2
time="2024-05-23T11:30:05.842048072+09:00" level=info msg="Registering component for dapr workflow engine..." app_id=payments instance=ubu scope=dapr.runtime type=log ver=1.13.2
time="2024-05-23T11:30:05.842059826+09:00" level=info msg="Initializing Dapr workflow component" app_id=payments component="dapr (workflow.dapr/v1)" instance=ubu scope=dapr.contrib type=log ver=1.13.2
time="2024-05-23T11:30:05.842073561+09:00" level=info msg="Workflow engine initialized." app_id=payments instance=ubu scope=dapr.runtime type=log ver=1.13.2
time="2024-05-23T11:30:05.845038088+09:00" level=info msg="dapr initialized. Status: Running. Init Elapsed 212ms" app_id=payments instance=ubu scope=dapr.runtime type=log ver=1.13.2
time="2024-05-23T11:30:05.847439401+09:00" level=info msg="Actor API level in the cluster has been updated to 10" app_id=payments instance=ubu scope=dapr.runtime.actor type=log ver=1.13.2
time="2024-05-23T11:30:05.847464588+09:00" level=info msg="Placement tables updated, version: 47" app_id=payments instance=ubu scope=dapr.runtime.actors.placement type=log ver=1.13.2
Updating metadata for app command: python3 app.py
Updating metadata for appPID: 1499558
You're up and running! Dapr logs will appear here.


termination signal received: shutting down
Exited Dapr successfully
Exited App successfully
