Starting Dapr with id payments. HTTP Port: 36893. gRPC Port: 44207
Updating metadata for cliPID: 1486796
time="2024-05-23T11:26:49.457875321+09:00" level=info msg="Starting Dapr Runtime -- version 1.13.2 -- commit f09b193d8ac62bef6c0fd5452a00d2a49cd0d134" app_id=payments instance=ubu scope=dapr.runtime type=log ver=1.13.2
time="2024-05-23T11:26:49.458152555+09:00" level=info msg="Log level set to: info" app_id=payments instance=ubu scope=dapr.runtime type=log ver=1.13.2
time="2024-05-23T11:26:49.458435482+09:00" level=warning msg="mTLS is disabled. Skipping certificate request and tls validation" app_id=payments instance=ubu scope=dapr.runtime.security type=log ver=1.13.2
time="2024-05-23T11:26:49.458702169+09:00" level=warning msg="The default value for 'spec.metric.http.increasedCardinality' will change to 'false' in Dapr 1.14" app_id=payments instance=ubu scope=dapr.runtime type=log ver=1.13.2
time="2024-05-23T11:26:49.459320662+09:00" level=info msg="metrics server started on :34701/" app_id=payments instance=ubu scope=dapr.runtime type=log ver=1.13.2
time="2024-05-23T11:26:49.459473744+09:00" level=info msg="standalone mode configured" app_id=payments instance=ubu scope=dapr.runtime type=log ver=1.13.2
time="2024-05-23T11:26:49.45948971+09:00" level=info msg="app id: payments" app_id=payments instance=ubu scope=dapr.runtime type=log ver=1.13.2
time="2024-05-23T11:26:49.459530064+09:00" level=info msg="Dapr trace sampler initialized: DaprTraceSampler(P=1.000000)" app_id=payments instance=ubu scope=dapr.runtime type=log ver=1.13.2
time="2024-05-23T11:26:49.459905483+09:00" level=info msg="local service entry announced: payments -> 192.168.2.197:33679" app_id=payments component="nr (mdns/v1)" instance=ubu scope=dapr.contrib type=log ver=1.13.2
time="2024-05-23T11:26:49.459921743+09:00" level=info msg="Initialized name resolution to mdns" app_id=payments instance=ubu scope=dapr.runtime type=log ver=1.13.2
time="2024-05-23T11:26:49.459955312+09:00" level=info msg="Loading components…" app_id=payments instance=ubu scope=dapr.runtime type=log ver=1.13.2
time="2024-05-23T11:26:49.465599928+09:00" level=info msg="Component loaded: orders (pubsub.redis/v1)" app_id=payments instance=ubu scope=dapr.runtime.processor type=log ver=1.13.2
time="2024-05-23T11:26:49.465889406+09:00" level=info msg="Waiting for all outstanding components to be processed…" app_id=payments instance=ubu scope=dapr.runtime type=log ver=1.13.2
time="2024-05-23T11:26:49.468000444+09:00" level=info msg="Using 'statestore' as actor state store" app_id=payments instance=ubu scope=dapr.runtime.processor.state type=log ver=1.13.2
time="2024-05-23T11:26:49.468031235+09:00" level=info msg="Component loaded: statestore (state.redis/v1)" app_id=payments instance=ubu scope=dapr.runtime.processor type=log ver=1.13.2
time="2024-05-23T11:26:49.468045101+09:00" level=info msg="All outstanding components processed" app_id=payments instance=ubu scope=dapr.runtime type=log ver=1.13.2
time="2024-05-23T11:26:49.468063464+09:00" level=info msg="Loading endpoints…" app_id=payments instance=ubu scope=dapr.runtime type=log ver=1.13.2
time="2024-05-23T11:26:49.468246492+09:00" level=info msg="Waiting for all outstanding http endpoints to be processed…" app_id=payments instance=ubu scope=dapr.runtime type=log ver=1.13.2
time="2024-05-23T11:26:49.468253608+09:00" level=info msg="All outstanding http endpoints processed" app_id=payments instance=ubu scope=dapr.runtime type=log ver=1.13.2
time="2024-05-23T11:26:49.468308761+09:00" level=info msg="gRPC server listening on TCP address: :44207" app_id=payments instance=ubu scope=dapr.runtime.grpc.api type=log ver=1.13.2
time="2024-05-23T11:26:49.468317714+09:00" level=info msg="Enabled gRPC tracing middleware" app_id=payments instance=ubu scope=dapr.runtime.grpc.api type=log ver=1.13.2
time="2024-05-23T11:26:49.468321669+09:00" level=info msg="Enabled gRPC metrics middleware" app_id=payments instance=ubu scope=dapr.runtime.grpc.api type=log ver=1.13.2
time="2024-05-23T11:26:49.46837192+09:00" level=info msg="Registering workflow engine for gRPC endpoint: [::]:44207" app_id=payments instance=ubu scope=dapr.runtime.grpc.api type=log ver=1.13.2
time="2024-05-23T11:26:49.468395553+09:00" level=info msg="API gRPC server is running on port 44207" app_id=payments instance=ubu scope=dapr.runtime type=log ver=1.13.2
time="2024-05-23T11:26:49.468446293+09:00" level=info msg="Enabled max body size HTTP middleware with size 4 MB" app_id=payments instance=ubu scope=dapr.runtime.http type=log ver=1.13.2
time="2024-05-23T11:26:49.468456126+09:00" level=info msg="Enabled tracing HTTP middleware" app_id=payments instance=ubu scope=dapr.runtime.http type=log ver=1.13.2
time="2024-05-23T11:26:49.468463678+09:00" level=info msg="Enabled metrics HTTP middleware" app_id=payments instance=ubu scope=dapr.runtime.http type=log ver=1.13.2
time="2024-05-23T11:26:49.468707121+09:00" level=info msg="HTTP server listening on TCP address: :36893" app_id=payments instance=ubu scope=dapr.runtime.http type=log ver=1.13.2
time="2024-05-23T11:26:49.468733755+09:00" level=info msg="HTTP server is running on port 36893" app_id=payments instance=ubu scope=dapr.runtime type=log ver=1.13.2
time="2024-05-23T11:26:49.468741169+09:00" level=info msg="The request body size parameter is: 4" app_id=payments instance=ubu scope=dapr.runtime type=log ver=1.13.2
time="2024-05-23T11:26:49.468761004+09:00" level=info msg="gRPC server listening on TCP address: :33679" app_id=payments instance=ubu scope=dapr.runtime.grpc.internal type=log ver=1.13.2
time="2024-05-23T11:26:49.468773249+09:00" level=info msg="Enabled gRPC tracing middleware" app_id=payments instance=ubu scope=dapr.runtime.grpc.internal type=log ver=1.13.2
time="2024-05-23T11:26:49.468779595+09:00" level=info msg="Enabled gRPC metrics middleware" app_id=payments instance=ubu scope=dapr.runtime.grpc.internal type=log ver=1.13.2
time="2024-05-23T11:26:49.468808039+09:00" level=info msg="Internal gRPC server is running on port 33679" app_id=payments instance=ubu scope=dapr.runtime type=log ver=1.13.2
time="2024-05-23T11:26:49.468853041+09:00" level=info msg="application protocol: http. waiting on port 3003.  This will block until the app is listening on that port." app_id=payments instance=ubu scope=dapr.runtime type=log ver=1.13.2
time="2024-05-23T11:26:49.670225982+09:00" level=info msg="application discovered on port 3003" app_id=payments instance=ubu scope=dapr.runtime type=log ver=1.13.2
time="2024-05-23T11:26:49.671875437+09:00" level=info msg="Application configuration loaded" app_id=payments instance=ubu scope=dapr.runtime type=log ver=1.13.2
time="2024-05-23T11:26:49.671906123+09:00" level=info msg="Configuring actors placement provider 'placement'. Configuration: 'placement:localhost:50005'" app_id=payments instance=ubu scope=dapr.runtime.actor type=log ver=1.13.2
time="2024-05-23T11:26:49.671918992+09:00" level=info msg="Configuring actor reminders provider 'default'. Configuration: ''" app_id=payments instance=ubu scope=dapr.runtime.actor type=log ver=1.13.2
time="2024-05-23T11:26:49.671940714+09:00" level=info msg="Actor runtime started. Actor idle timeout: 1h0m0s. Actor scan interval: 30s" app_id=payments instance=ubu scope=dapr.runtime.actor type=log ver=1.13.2
time="2024-05-23T11:26:49.671952909+09:00" level=info msg="Configuring workflow engine with actors backend" app_id=payments instance=ubu scope=dapr.runtime type=log ver=1.13.2
time="2024-05-23T11:26:49.671959032+09:00" level=info msg="Registering component for dapr workflow engine..." app_id=payments instance=ubu scope=dapr.runtime type=log ver=1.13.2
time="2024-05-23T11:26:49.671971651+09:00" level=info msg="Initializing Dapr workflow component" app_id=payments component="dapr (workflow.dapr/v1)" instance=ubu scope=dapr.contrib type=log ver=1.13.2
time="2024-05-23T11:26:49.671982465+09:00" level=info msg="Workflow engine initialized." app_id=payments instance=ubu scope=dapr.runtime type=log ver=1.13.2
time="2024-05-23T11:26:49.67341872+09:00" level=info msg="dapr initialized. Status: Running. Init Elapsed 213ms" app_id=payments instance=ubu scope=dapr.runtime type=log ver=1.13.2
time="2024-05-23T11:26:49.680297425+09:00" level=info msg="Actor API level in the cluster has been updated to 10" app_id=payments instance=ubu scope=dapr.runtime.actor type=log ver=1.13.2
time="2024-05-23T11:26:49.680321472+09:00" level=info msg="Placement tables updated, version: 43" app_id=payments instance=ubu scope=dapr.runtime.actors.placement type=log ver=1.13.2
Updating metadata for app command: python3 app.py
Updating metadata for appPID: 1487598
You're up and running! Dapr logs will appear here.

time="2024-05-23T11:27:36.479317373+09:00" level=info msg="Received signal 'interrupt'; beginning shutdown" app_id=payments instance=ubu scope=dapr.signals type=log ver=1.13.2
time="2024-05-23T11:27:36.480123783+09:00" level=info msg="Dapr is shutting down" app_id=payments instance=ubu scope=dapr.runtime type=log ver=1.13.2
time="2024-05-23T11:27:36.480314526+09:00" level=info msg="Closing HTTP server [::]:36893…" app_id=payments instance=ubu scope=dapr.runtime.http type=log ver=1.13.2
time="2024-05-23T11:27:36.48014795+09:00" level=info msg="Shutting down component statestore (state.redis/v1)" app_id=payments instance=ubu scope=dapr.runtime type=log ver=1.13.2
time="2024-05-23T11:27:36.480386089+09:00" level=info msg="stopping mDNS server for app id: payments" app_id=payments component="nr (mdns/v1)" instance=ubu scope=dapr.contrib type=log ver=1.13.2
time="2024-05-23T11:27:36.48050681+09:00" level=info msg="Shutting down component orders (pubsub.redis/v1)" app_id=payments instance=ubu scope=dapr.runtime type=log ver=1.13.2
time="2024-05-23T11:27:36.480196501+09:00" level=info msg="Shutting down actor" app_id=payments instance=ubu scope=dapr.runtime type=log ver=1.13.2
time="2024-05-23T11:27:36.480188647+09:00" level=info msg="Shutting down workflow engine" app_id=payments instance=ubu scope=dapr.runtime type=log ver=1.13.2
time="2024-05-23T11:27:36.481915588+09:00" level=info msg="Dapr runtime stopped" app_id=payments instance=ubu scope=dapr.runtime type=log ver=1.13.2
time="2024-05-23T11:27:36.481929788+09:00" level=info msg="Daprd shutdown gracefully" app_id=payments instance=ubu scope=dapr.runtime type=log ver=1.13.2

termination signal received: shutting down
Exited Dapr successfully
Exited App successfully
