Starting Dapr with id shipping. HTTP Port: 35281. gRPC Port: 33041
Updating metadata for cliPID: 1498938
time="2024-05-23T11:30:06.638919061+09:00" level=info msg="Starting Dapr Runtime -- version 1.13.2 -- commit f09b193d8ac62bef6c0fd5452a00d2a49cd0d134" app_id=shipping instance=ubu scope=dapr.runtime type=log ver=1.13.2
time="2024-05-23T11:30:06.638939752+09:00" level=info msg="Log level set to: info" app_id=shipping instance=ubu scope=dapr.runtime type=log ver=1.13.2
time="2024-05-23T11:30:06.639061332+09:00" level=warning msg="mTLS is disabled. Skipping certificate request and tls validation" app_id=shipping instance=ubu scope=dapr.runtime.security type=log ver=1.13.2
time="2024-05-23T11:30:06.639520953+09:00" level=warning msg="The default value for 'spec.metric.http.increasedCardinality' will change to 'false' in Dapr 1.14" app_id=shipping instance=ubu scope=dapr.runtime type=log ver=1.13.2
time="2024-05-23T11:30:06.640733735+09:00" level=info msg="metrics server started on :37779/" app_id=shipping instance=ubu scope=dapr.runtime type=log ver=1.13.2
time="2024-05-23T11:30:06.640932501+09:00" level=info msg="standalone mode configured" app_id=shipping instance=ubu scope=dapr.runtime type=log ver=1.13.2
time="2024-05-23T11:30:06.640966802+09:00" level=info msg="app id: shipping" app_id=shipping instance=ubu scope=dapr.runtime type=log ver=1.13.2
time="2024-05-23T11:30:06.641035003+09:00" level=info msg="Dapr trace sampler initialized: DaprTraceSampler(P=1.000000)" app_id=shipping instance=ubu scope=dapr.runtime type=log ver=1.13.2
time="2024-05-23T11:30:06.641449754+09:00" level=info msg="local service entry announced: shipping -> 192.168.2.197:36483" app_id=shipping component="nr (mdns/v1)" instance=ubu scope=dapr.contrib type=log ver=1.13.2
time="2024-05-23T11:30:06.641475007+09:00" level=info msg="Initialized name resolution to mdns" app_id=shipping instance=ubu scope=dapr.runtime type=log ver=1.13.2
time="2024-05-23T11:30:06.641518019+09:00" level=info msg="Loading components…" app_id=shipping instance=ubu scope=dapr.runtime type=log ver=1.13.2
time="2024-05-23T11:30:06.64306766+09:00" level=info msg="Component loaded: orders (pubsub.redis/v1)" app_id=shipping instance=ubu scope=dapr.runtime.processor type=log ver=1.13.2
time="2024-05-23T11:30:06.643249734+09:00" level=info msg="Waiting for all outstanding components to be processed…" app_id=shipping instance=ubu scope=dapr.runtime type=log ver=1.13.2
time="2024-05-23T11:30:06.643923638+09:00" level=info msg="Using 'statestore' as actor state store" app_id=shipping instance=ubu scope=dapr.runtime.processor.state type=log ver=1.13.2
time="2024-05-23T11:30:06.643948506+09:00" level=info msg="Component loaded: statestore (state.redis/v1)" app_id=shipping instance=ubu scope=dapr.runtime.processor type=log ver=1.13.2
time="2024-05-23T11:30:06.643957723+09:00" level=info msg="All outstanding components processed" app_id=shipping instance=ubu scope=dapr.runtime type=log ver=1.13.2
time="2024-05-23T11:30:06.643976463+09:00" level=info msg="Loading endpoints…" app_id=shipping instance=ubu scope=dapr.runtime type=log ver=1.13.2
time="2024-05-23T11:30:06.644151485+09:00" level=info msg="Waiting for all outstanding http endpoints to be processed…" app_id=shipping instance=ubu scope=dapr.runtime type=log ver=1.13.2
time="2024-05-23T11:30:06.644158879+09:00" level=info msg="All outstanding http endpoints processed" app_id=shipping instance=ubu scope=dapr.runtime type=log ver=1.13.2
time="2024-05-23T11:30:06.64421346+09:00" level=info msg="gRPC server listening on TCP address: :33041" app_id=shipping instance=ubu scope=dapr.runtime.grpc.api type=log ver=1.13.2
time="2024-05-23T11:30:06.644222132+09:00" level=info msg="Enabled gRPC tracing middleware" app_id=shipping instance=ubu scope=dapr.runtime.grpc.api type=log ver=1.13.2
time="2024-05-23T11:30:06.644225955+09:00" level=info msg="Enabled gRPC metrics middleware" app_id=shipping instance=ubu scope=dapr.runtime.grpc.api type=log ver=1.13.2
time="2024-05-23T11:30:06.644272549+09:00" level=info msg="Registering workflow engine for gRPC endpoint: [::]:33041" app_id=shipping instance=ubu scope=dapr.runtime.grpc.api type=log ver=1.13.2
time="2024-05-23T11:30:06.644289587+09:00" level=info msg="API gRPC server is running on port 33041" app_id=shipping instance=ubu scope=dapr.runtime type=log ver=1.13.2
time="2024-05-23T11:30:06.644333863+09:00" level=info msg="Enabled max body size HTTP middleware with size 4 MB" app_id=shipping instance=ubu scope=dapr.runtime.http type=log ver=1.13.2
time="2024-05-23T11:30:06.644340719+09:00" level=info msg="Enabled tracing HTTP middleware" app_id=shipping instance=ubu scope=dapr.runtime.http type=log ver=1.13.2
time="2024-05-23T11:30:06.644344624+09:00" level=info msg="Enabled metrics HTTP middleware" app_id=shipping instance=ubu scope=dapr.runtime.http type=log ver=1.13.2
time="2024-05-23T11:30:06.645121642+09:00" level=info msg="HTTP server listening on TCP address: :35281" app_id=shipping instance=ubu scope=dapr.runtime.http type=log ver=1.13.2
time="2024-05-23T11:30:06.645342599+09:00" level=info msg="HTTP server is running on port 35281" app_id=shipping instance=ubu scope=dapr.runtime type=log ver=1.13.2
time="2024-05-23T11:30:06.645506842+09:00" level=info msg="The request body size parameter is: 4" app_id=shipping instance=ubu scope=dapr.runtime type=log ver=1.13.2
time="2024-05-23T11:30:06.645750669+09:00" level=info msg="gRPC server listening on TCP address: :36483" app_id=shipping instance=ubu scope=dapr.runtime.grpc.internal type=log ver=1.13.2
time="2024-05-23T11:30:06.645998524+09:00" level=info msg="Enabled gRPC tracing middleware" app_id=shipping instance=ubu scope=dapr.runtime.grpc.internal type=log ver=1.13.2
time="2024-05-23T11:30:06.646228159+09:00" level=info msg="Enabled gRPC metrics middleware" app_id=shipping instance=ubu scope=dapr.runtime.grpc.internal type=log ver=1.13.2
time="2024-05-23T11:30:06.646462446+09:00" level=info msg="Internal gRPC server is running on port 36483" app_id=shipping instance=ubu scope=dapr.runtime type=log ver=1.13.2
time="2024-05-23T11:30:06.646706114+09:00" level=info msg="application protocol: http. waiting on port 3004.  This will block until the app is listening on that port." app_id=shipping instance=ubu scope=dapr.runtime type=log ver=1.13.2
time="2024-05-23T11:30:06.848799401+09:00" level=info msg="application discovered on port 3004" app_id=shipping instance=ubu scope=dapr.runtime type=log ver=1.13.2
time="2024-05-23T11:30:06.851646996+09:00" level=info msg="Application configuration loaded" app_id=shipping instance=ubu scope=dapr.runtime type=log ver=1.13.2
time="2024-05-23T11:30:06.851687662+09:00" level=info msg="Configuring actors placement provider 'placement'. Configuration: 'placement:localhost:50005'" app_id=shipping instance=ubu scope=dapr.runtime.actor type=log ver=1.13.2
time="2024-05-23T11:30:06.851702483+09:00" level=info msg="Configuring actor reminders provider 'default'. Configuration: ''" app_id=shipping instance=ubu scope=dapr.runtime.actor type=log ver=1.13.2
time="2024-05-23T11:30:06.851723311+09:00" level=info msg="Actor runtime started. Actor idle timeout: 1h0m0s. Actor scan interval: 30s" app_id=shipping instance=ubu scope=dapr.runtime.actor type=log ver=1.13.2
time="2024-05-23T11:30:06.85173301+09:00" level=info msg="Configuring workflow engine with actors backend" app_id=shipping instance=ubu scope=dapr.runtime type=log ver=1.13.2
time="2024-05-23T11:30:06.851737988+09:00" level=info msg="Registering component for dapr workflow engine..." app_id=shipping instance=ubu scope=dapr.runtime type=log ver=1.13.2
time="2024-05-23T11:30:06.851747096+09:00" level=info msg="Initializing Dapr workflow component" app_id=shipping component="dapr (workflow.dapr/v1)" instance=ubu scope=dapr.contrib type=log ver=1.13.2
time="2024-05-23T11:30:06.851754996+09:00" level=info msg="Workflow engine initialized." app_id=shipping instance=ubu scope=dapr.runtime type=log ver=1.13.2
time="2024-05-23T11:30:06.854790711+09:00" level=info msg="dapr initialized. Status: Running. Init Elapsed 213ms" app_id=shipping instance=ubu scope=dapr.runtime type=log ver=1.13.2
time="2024-05-23T11:30:06.859443947+09:00" level=info msg="Actor API level in the cluster has been updated to 10" app_id=shipping instance=ubu scope=dapr.runtime.actor type=log ver=1.13.2
time="2024-05-23T11:30:06.859462797+09:00" level=info msg="Placement tables updated, version: 47" app_id=shipping instance=ubu scope=dapr.runtime.actors.placement type=log ver=1.13.2
Updating metadata for app command: python3 app.py
Updating metadata for appPID: 1499701
You're up and running! Dapr logs will appear here.


termination signal received: shutting down
Exited Dapr successfully
Exited App successfully
