time="2024-05-23T02:59:57.003699358Z" level=info msg="Starting Dapr Runtime -- version 1.13.2 -- commit f09b193d8ac62bef6c0fd5452a00d2a49cd0d134" app_id=shipping instance=shipping-7b67746c7-mfvpx scope=dapr.runtime type=log ver=1.13.2
time="2024-05-23T02:59:57.003722026Z" level=info msg="Log level set to: info" app_id=shipping instance=shipping-7b67746c7-mfvpx scope=dapr.runtime type=log ver=1.13.2
time="2024-05-23T02:59:57.003906866Z" level=info msg="Fetching initial identity certificate from dapr-sentry.dapr-system.svc.cluster.local:443" app_id=shipping instance=shipping-7b67746c7-mfvpx scope=dapr.runtime.security type=log ver=1.13.2
time="2024-05-23T02:59:57.020346985Z" level=info msg="Security is initialized successfully" app_id=shipping instance=shipping-7b67746c7-mfvpx scope=dapr.runtime.security type=log ver=1.13.2
time="2024-05-23T02:59:57.020487446Z" level=info msg="Starting workload cert expiry watcher; current cert expires on: 2024-05-24 02:59:57 +0000 UTC, renewing at 2024-05-23 19:43:27 +0000 UTC" app_id=shipping instance=shipping-7b67746c7-mfvpx scope=dapr.runtime.security type=log ver=1.13.2
time="2024-05-23T02:59:57.020561312Z" level=info msg="Initializing the operator client" app_id=shipping instance=shipping-7b67746c7-mfvpx scope=dapr.runtime type=log ver=1.13.2
time="2024-05-23T02:59:57.031023604Z" level=warning msg="The default value for 'spec.metric.http.increasedCardinality' will change to 'false' in Dapr 1.14" app_id=shipping instance=shipping-7b67746c7-mfvpx scope=dapr.runtime type=log ver=1.13.2
time="2024-05-23T02:59:57.043071716Z" level=info msg="kubernetes mode configured" app_id=shipping instance=shipping-7b67746c7-mfvpx scope=dapr.runtime type=log ver=1.13.2
time="2024-05-23T02:59:57.043147561Z" level=info msg="app id: shipping" app_id=shipping instance=shipping-7b67746c7-mfvpx scope=dapr.runtime type=log ver=1.13.2
time="2024-05-23T02:59:57.043101979Z" level=info msg="metrics server started on :33489/" app_id=shipping instance=shipping-7b67746c7-mfvpx scope=dapr.runtime type=log ver=1.13.2
time="2024-05-23T02:59:57.043233991Z" level=info msg="Dapr trace sampler initialized: DaprTraceSampler(P=1.000000)" app_id=shipping instance=shipping-7b67746c7-mfvpx scope=dapr.runtime type=log ver=1.13.2
time="2024-05-23T02:59:57.043323862Z" level=info msg="Initialized name resolution to kubernetes" app_id=shipping instance=shipping-7b67746c7-mfvpx scope=dapr.runtime type=log ver=1.13.2
time="2024-05-23T02:59:57.043523011Z" level=info msg="Loading components…" app_id=shipping instance=shipping-7b67746c7-mfvpx scope=dapr.runtime type=log ver=1.13.2
time="2024-05-23T02:59:57.044005397Z" level=info msg="Component loaded: kubernetes (secretstores.kubernetes/v1)" app_id=shipping instance=shipping-7b67746c7-mfvpx scope=dapr.runtime.processor type=log ver=1.13.2
time="2024-05-23T02:59:57.051169623Z" level=info msg="Component loaded: pubsub (pubsub.redis/v1)" app_id=shipping instance=shipping-7b67746c7-mfvpx scope=dapr.runtime.processor type=log ver=1.13.2
time="2024-05-23T02:59:57.051330751Z" level=info msg="Waiting for all outstanding components to be processed…" app_id=shipping instance=shipping-7b67746c7-mfvpx scope=dapr.runtime type=log ver=1.13.2
time="2024-05-23T02:59:57.055581427Z" level=info msg="Component loaded: statestore (state.redis/v1)" app_id=shipping instance=shipping-7b67746c7-mfvpx scope=dapr.runtime.processor type=log ver=1.13.2
time="2024-05-23T02:59:57.055641934Z" level=info msg="All outstanding components processed" app_id=shipping instance=shipping-7b67746c7-mfvpx scope=dapr.runtime type=log ver=1.13.2
time="2024-05-23T02:59:57.055668229Z" level=info msg="Loading endpoints…" app_id=shipping instance=shipping-7b67746c7-mfvpx scope=dapr.runtime type=log ver=1.13.2
time="2024-05-23T02:59:57.056935261Z" level=info msg="Waiting for all outstanding http endpoints to be processed…" app_id=shipping instance=shipping-7b67746c7-mfvpx scope=dapr.runtime type=log ver=1.13.2
time="2024-05-23T02:59:57.056966128Z" level=info msg="All outstanding http endpoints processed" app_id=shipping instance=shipping-7b67746c7-mfvpx scope=dapr.runtime type=log ver=1.13.2
time="2024-05-23T02:59:57.057063293Z" level=info msg="gRPC server listening on TCP address: [::1]:50001" app_id=shipping instance=shipping-7b67746c7-mfvpx scope=dapr.runtime.grpc.api type=log ver=1.13.2
time="2024-05-23T02:59:57.057101991Z" level=info msg="gRPC server listening on TCP address: 127.0.0.1:50001" app_id=shipping instance=shipping-7b67746c7-mfvpx scope=dapr.runtime.grpc.api type=log ver=1.13.2
time="2024-05-23T02:59:57.057127502Z" level=info msg="Enabled gRPC tracing middleware" app_id=shipping instance=shipping-7b67746c7-mfvpx scope=dapr.runtime.grpc.api type=log ver=1.13.2
time="2024-05-23T02:59:57.057137993Z" level=info msg="Enabled gRPC metrics middleware" app_id=shipping instance=shipping-7b67746c7-mfvpx scope=dapr.runtime.grpc.api type=log ver=1.13.2
time="2024-05-23T02:59:57.057212144Z" level=info msg="Registering workflow engine for gRPC endpoint: [::1]:50001" app_id=shipping instance=shipping-7b67746c7-mfvpx scope=dapr.runtime.grpc.api type=log ver=1.13.2
time="2024-05-23T02:59:57.057254619Z" level=info msg="Enabled gRPC tracing middleware" app_id=shipping instance=shipping-7b67746c7-mfvpx scope=dapr.runtime.grpc.api type=log ver=1.13.2
time="2024-05-23T02:59:57.057264733Z" level=info msg="Enabled gRPC metrics middleware" app_id=shipping instance=shipping-7b67746c7-mfvpx scope=dapr.runtime.grpc.api type=log ver=1.13.2
time="2024-05-23T02:59:57.05729774Z" level=info msg="Registering workflow engine for gRPC endpoint: 127.0.0.1:50001" app_id=shipping instance=shipping-7b67746c7-mfvpx scope=dapr.runtime.grpc.api type=log ver=1.13.2
time="2024-05-23T02:59:57.057341268Z" level=info msg="API gRPC server is running on port 50001" app_id=shipping instance=shipping-7b67746c7-mfvpx scope=dapr.runtime type=log ver=1.13.2
time="2024-05-23T02:59:57.057419869Z" level=info msg="Enabled max body size HTTP middleware with size 4 MB" app_id=shipping instance=shipping-7b67746c7-mfvpx scope=dapr.runtime.http type=log ver=1.13.2
time="2024-05-23T02:59:57.057434134Z" level=info msg="Enabled tracing HTTP middleware" app_id=shipping instance=shipping-7b67746c7-mfvpx scope=dapr.runtime.http type=log ver=1.13.2
time="2024-05-23T02:59:57.057439968Z" level=info msg="Enabled metrics HTTP middleware" app_id=shipping instance=shipping-7b67746c7-mfvpx scope=dapr.runtime.http type=log ver=1.13.2
time="2024-05-23T02:59:57.057922091Z" level=info msg="HTTP server listening on TCP address: [::1]:3500" app_id=shipping instance=shipping-7b67746c7-mfvpx scope=dapr.runtime.http type=log ver=1.13.2
time="2024-05-23T02:59:57.058001102Z" level=info msg="HTTP server listening on TCP address: 127.0.0.1:3500" app_id=shipping instance=shipping-7b67746c7-mfvpx scope=dapr.runtime.http type=log ver=1.13.2
time="2024-05-23T02:59:57.058060942Z" level=info msg="Enabled tracing HTTP middleware" app_id=shipping instance=shipping-7b67746c7-mfvpx scope=dapr.runtime.http type=log ver=1.13.2
time="2024-05-23T02:59:57.058083601Z" level=info msg="Enabled metrics HTTP middleware" app_id=shipping instance=shipping-7b67746c7-mfvpx scope=dapr.runtime.http type=log ver=1.13.2
time="2024-05-23T02:59:57.058136645Z" level=info msg="HTTP server is running on port 3500" app_id=shipping instance=shipping-7b67746c7-mfvpx scope=dapr.runtime type=log ver=1.13.2
time="2024-05-23T02:59:57.058157725Z" level=info msg="The request body size parameter is: 4" app_id=shipping instance=shipping-7b67746c7-mfvpx scope=dapr.runtime type=log ver=1.13.2
time="2024-05-23T02:59:57.058191067Z" level=info msg="gRPC server listening on TCP address: :50002" app_id=shipping instance=shipping-7b67746c7-mfvpx scope=dapr.runtime.grpc.internal type=log ver=1.13.2
time="2024-05-23T02:59:57.058226163Z" level=info msg="Enabled gRPC tracing middleware" app_id=shipping instance=shipping-7b67746c7-mfvpx scope=dapr.runtime.grpc.internal type=log ver=1.13.2
time="2024-05-23T02:59:57.058252913Z" level=info msg="Enabled gRPC metrics middleware" app_id=shipping instance=shipping-7b67746c7-mfvpx scope=dapr.runtime.grpc.internal type=log ver=1.13.2
time="2024-05-23T02:59:57.058324906Z" level=info msg="Internal gRPC server is running on port 50002" app_id=shipping instance=shipping-7b67746c7-mfvpx scope=dapr.runtime type=log ver=1.13.2
time="2024-05-23T02:59:57.058451977Z" level=info msg="application protocol: http. waiting on port 3004.  This will block until the app is listening on that port." app_id=shipping instance=shipping-7b67746c7-mfvpx scope=dapr.runtime type=log ver=1.13.2
time="2024-05-23T02:59:57.56808392Z" level=info msg="application discovered on port 3004" app_id=shipping instance=shipping-7b67746c7-mfvpx scope=dapr.runtime type=log ver=1.13.2
time="2024-05-23T02:59:57.570837798Z" level=info msg="Application configuration loaded" app_id=shipping instance=shipping-7b67746c7-mfvpx scope=dapr.runtime type=log ver=1.13.2
time="2024-05-23T02:59:57.570882253Z" level=info msg="actors: state store is not configured - this is okay for clients but services with hosted actors will fail to initialize!" app_id=shipping instance=shipping-7b67746c7-mfvpx scope=dapr.runtime type=log ver=1.13.2
time="2024-05-23T02:59:57.570907744Z" level=info msg="Configuring actors placement provider 'placement'. Configuration: 'placement:dapr-placement-server.dapr-system.svc.cluster.local:50005'" app_id=shipping instance=shipping-7b67746c7-mfvpx scope=dapr.runtime.actor type=log ver=1.13.2
time="2024-05-23T02:59:57.570927012Z" level=info msg="Configuring actor reminders provider 'default'. Configuration: ''" app_id=shipping instance=shipping-7b67746c7-mfvpx scope=dapr.runtime.actor type=log ver=1.13.2
time="2024-05-23T02:59:57.571219516Z" level=info msg="Actor runtime started. Actor idle timeout: 1h0m0s. Actor scan interval: 30s" app_id=shipping instance=shipping-7b67746c7-mfvpx scope=dapr.runtime.actor type=log ver=1.13.2
time="2024-05-23T02:59:57.571252697Z" level=info msg="Configuring workflow engine with actors backend" app_id=shipping instance=shipping-7b67746c7-mfvpx scope=dapr.runtime type=log ver=1.13.2
time="2024-05-23T02:59:57.571263471Z" level=info msg="Registering component for dapr workflow engine..." app_id=shipping instance=shipping-7b67746c7-mfvpx scope=dapr.runtime type=log ver=1.13.2
time="2024-05-23T02:59:57.571291052Z" level=info msg="Initializing Dapr workflow component" app_id=shipping component="dapr (workflow.dapr/v1)" instance=shipping-7b67746c7-mfvpx scope=dapr.contrib type=log ver=1.13.2
time="2024-05-23T02:59:57.571309495Z" level=info msg="Workflow engine initialized." app_id=shipping instance=shipping-7b67746c7-mfvpx scope=dapr.runtime type=log ver=1.13.2
time="2024-05-23T02:59:57.574929807Z" level=info msg="dapr initialized. Status: Running. Init Elapsed 531ms" app_id=shipping instance=shipping-7b67746c7-mfvpx scope=dapr.runtime type=log ver=1.13.2
time="2024-05-23T02:59:57.742913101Z" level=info msg="Placement tables updated, version: 0" app_id=shipping instance=shipping-7b67746c7-mfvpx scope=dapr.runtime.actors.placement type=log ver=1.13.2
time="2024-05-23T04:40:36.131509165Z" level=info msg="Placement tables updated, version: 0" app_id=shipping instance=shipping-7b67746c7-mfvpx scope=dapr.runtime.actors.placement type=log ver=1.13.2
