Starting Dapr with id shipping. HTTP Port: 36047. gRPC Port: 43743
Updating metadata for cliPID: 1501770
time="2024-05-23T11:30:42.404762616+09:00" level=info msg="Starting Dapr Runtime -- version 1.13.2 -- commit f09b193d8ac62bef6c0fd5452a00d2a49cd0d134" app_id=shipping instance=ubu scope=dapr.runtime type=log ver=1.13.2
time="2024-05-23T11:30:42.404957524+09:00" level=info msg="Log level set to: info" app_id=shipping instance=ubu scope=dapr.runtime type=log ver=1.13.2
time="2024-05-23T11:30:42.405195105+09:00" level=warning msg="mTLS is disabled. Skipping certificate request and tls validation" app_id=shipping instance=ubu scope=dapr.runtime.security type=log ver=1.13.2
time="2024-05-23T11:30:42.40547361+09:00" level=warning msg="The default value for 'spec.metric.http.increasedCardinality' will change to 'false' in Dapr 1.14" app_id=shipping instance=ubu scope=dapr.runtime type=log ver=1.13.2
time="2024-05-23T11:30:42.405962539+09:00" level=info msg="metrics server started on :42617/" app_id=shipping instance=ubu scope=dapr.runtime type=log ver=1.13.2
time="2024-05-23T11:30:42.406154352+09:00" level=info msg="standalone mode configured" app_id=shipping instance=ubu scope=dapr.runtime type=log ver=1.13.2
time="2024-05-23T11:30:42.406184359+09:00" level=info msg="app id: shipping" app_id=shipping instance=ubu scope=dapr.runtime type=log ver=1.13.2
time="2024-05-23T11:30:42.406244128+09:00" level=info msg="Dapr trace sampler initialized: DaprTraceSampler(P=1.000000)" app_id=shipping instance=ubu scope=dapr.runtime type=log ver=1.13.2
time="2024-05-23T11:30:42.406604429+09:00" level=info msg="local service entry announced: shipping -> 192.168.2.197:33021" app_id=shipping component="nr (mdns/v1)" instance=ubu scope=dapr.contrib type=log ver=1.13.2
time="2024-05-23T11:30:42.406631286+09:00" level=info msg="Initialized name resolution to mdns" app_id=shipping instance=ubu scope=dapr.runtime type=log ver=1.13.2
time="2024-05-23T11:30:42.407231732+09:00" level=info msg="Loading components…" app_id=shipping instance=ubu scope=dapr.runtime type=log ver=1.13.2
time="2024-05-23T11:30:42.409082245+09:00" level=info msg="Component loaded: orders (pubsub.redis/v1)" app_id=shipping instance=ubu scope=dapr.runtime.processor type=log ver=1.13.2
time="2024-05-23T11:30:42.409334003+09:00" level=info msg="Waiting for all outstanding components to be processed…" app_id=shipping instance=ubu scope=dapr.runtime type=log ver=1.13.2
time="2024-05-23T11:30:42.41001745+09:00" level=info msg="Using 'statestore' as actor state store" app_id=shipping instance=ubu scope=dapr.runtime.processor.state type=log ver=1.13.2
time="2024-05-23T11:30:42.410069618+09:00" level=info msg="Component loaded: statestore (state.redis/v1)" app_id=shipping instance=ubu scope=dapr.runtime.processor type=log ver=1.13.2
time="2024-05-23T11:30:42.410087542+09:00" level=info msg="All outstanding components processed" app_id=shipping instance=ubu scope=dapr.runtime type=log ver=1.13.2
time="2024-05-23T11:30:42.410110644+09:00" level=info msg="Loading endpoints…" app_id=shipping instance=ubu scope=dapr.runtime type=log ver=1.13.2
time="2024-05-23T11:30:42.410325895+09:00" level=info msg="Waiting for all outstanding http endpoints to be processed…" app_id=shipping instance=ubu scope=dapr.runtime type=log ver=1.13.2
time="2024-05-23T11:30:42.41034238+09:00" level=info msg="All outstanding http endpoints processed" app_id=shipping instance=ubu scope=dapr.runtime type=log ver=1.13.2
time="2024-05-23T11:30:42.410408698+09:00" level=info msg="gRPC server listening on TCP address: :43743" app_id=shipping instance=ubu scope=dapr.runtime.grpc.api type=log ver=1.13.2
time="2024-05-23T11:30:42.410422993+09:00" level=info msg="Enabled gRPC tracing middleware" app_id=shipping instance=ubu scope=dapr.runtime.grpc.api type=log ver=1.13.2
time="2024-05-23T11:30:42.410431217+09:00" level=info msg="Enabled gRPC metrics middleware" app_id=shipping instance=ubu scope=dapr.runtime.grpc.api type=log ver=1.13.2
time="2024-05-23T11:30:42.410489608+09:00" level=info msg="Registering workflow engine for gRPC endpoint: [::]:43743" app_id=shipping instance=ubu scope=dapr.runtime.grpc.api type=log ver=1.13.2
time="2024-05-23T11:30:42.410527768+09:00" level=info msg="API gRPC server is running on port 43743" app_id=shipping instance=ubu scope=dapr.runtime type=log ver=1.13.2
time="2024-05-23T11:30:42.410578195+09:00" level=info msg="Enabled max body size HTTP middleware with size 4 MB" app_id=shipping instance=ubu scope=dapr.runtime.http type=log ver=1.13.2
time="2024-05-23T11:30:42.410591799+09:00" level=info msg="Enabled tracing HTTP middleware" app_id=shipping instance=ubu scope=dapr.runtime.http type=log ver=1.13.2
time="2024-05-23T11:30:42.410601082+09:00" level=info msg="Enabled metrics HTTP middleware" app_id=shipping instance=ubu scope=dapr.runtime.http type=log ver=1.13.2
time="2024-05-23T11:30:42.410900458+09:00" level=info msg="HTTP server listening on TCP address: :36047" app_id=shipping instance=ubu scope=dapr.runtime.http type=log ver=1.13.2
time="2024-05-23T11:30:42.410935069+09:00" level=info msg="HTTP server is running on port 36047" app_id=shipping instance=ubu scope=dapr.runtime type=log ver=1.13.2
time="2024-05-23T11:30:42.410947339+09:00" level=info msg="The request body size parameter is: 4" app_id=shipping instance=ubu scope=dapr.runtime type=log ver=1.13.2
time="2024-05-23T11:30:42.410970314+09:00" level=info msg="gRPC server listening on TCP address: :33021" app_id=shipping instance=ubu scope=dapr.runtime.grpc.internal type=log ver=1.13.2
time="2024-05-23T11:30:42.410989108+09:00" level=info msg="Enabled gRPC tracing middleware" app_id=shipping instance=ubu scope=dapr.runtime.grpc.internal type=log ver=1.13.2
time="2024-05-23T11:30:42.410998592+09:00" level=info msg="Enabled gRPC metrics middleware" app_id=shipping instance=ubu scope=dapr.runtime.grpc.internal type=log ver=1.13.2
time="2024-05-23T11:30:42.411030597+09:00" level=info msg="Internal gRPC server is running on port 33021" app_id=shipping instance=ubu scope=dapr.runtime type=log ver=1.13.2
time="2024-05-23T11:30:42.411077904+09:00" level=info msg="application protocol: http. waiting on port 3004.  This will block until the app is listening on that port." app_id=shipping instance=ubu scope=dapr.runtime type=log ver=1.13.2
time="2024-05-23T11:30:42.612006721+09:00" level=info msg="application discovered on port 3004" app_id=shipping instance=ubu scope=dapr.runtime type=log ver=1.13.2
time="2024-05-23T11:30:42.613982408+09:00" level=info msg="Application configuration loaded" app_id=shipping instance=ubu scope=dapr.runtime type=log ver=1.13.2
time="2024-05-23T11:30:42.614031722+09:00" level=info msg="Configuring actors placement provider 'placement'. Configuration: 'placement:localhost:50005'" app_id=shipping instance=ubu scope=dapr.runtime.actor type=log ver=1.13.2
time="2024-05-23T11:30:42.614057211+09:00" level=info msg="Configuring actor reminders provider 'default'. Configuration: ''" app_id=shipping instance=ubu scope=dapr.runtime.actor type=log ver=1.13.2
time="2024-05-23T11:30:42.614098719+09:00" level=info msg="Actor runtime started. Actor idle timeout: 1h0m0s. Actor scan interval: 30s" app_id=shipping instance=ubu scope=dapr.runtime.actor type=log ver=1.13.2
time="2024-05-23T11:30:42.614117227+09:00" level=info msg="Configuring workflow engine with actors backend" app_id=shipping instance=ubu scope=dapr.runtime type=log ver=1.13.2
time="2024-05-23T11:30:42.614128058+09:00" level=info msg="Registering component for dapr workflow engine..." app_id=shipping instance=ubu scope=dapr.runtime type=log ver=1.13.2
time="2024-05-23T11:30:42.614144865+09:00" level=info msg="Initializing Dapr workflow component" app_id=shipping component="dapr (workflow.dapr/v1)" instance=ubu scope=dapr.contrib type=log ver=1.13.2
time="2024-05-23T11:30:42.614160136+09:00" level=info msg="Workflow engine initialized." app_id=shipping instance=ubu scope=dapr.runtime type=log ver=1.13.2
time="2024-05-23T11:30:42.615665921+09:00" level=info msg="dapr initialized. Status: Running. Init Elapsed 209ms" app_id=shipping instance=ubu scope=dapr.runtime type=log ver=1.13.2
time="2024-05-23T11:30:42.618197674+09:00" level=info msg="Actor API level in the cluster has been updated to 10" app_id=shipping instance=ubu scope=dapr.runtime.actor type=log ver=1.13.2
time="2024-05-23T11:30:42.618268462+09:00" level=info msg="Placement tables updated, version: 49" app_id=shipping instance=ubu scope=dapr.runtime.actors.placement type=log ver=1.13.2
Updating metadata for app command: python3 app.py
Updating metadata for appPID: 1502745
You're up and running! Dapr logs will appear here.

time="2024-05-23T11:30:53.682758759+09:00" level=info msg="Received signal 'interrupt'; beginning shutdown" app_id=shipping instance=ubu scope=dapr.signals type=log ver=1.13.2

termination signal received: shutting down
Exited Dapr successfully
Exited App successfully
