Starting Dapr with id notifications. HTTP Port: 41189. gRPC Port: 36803
Updating metadata for cliPID: 1498938
time="2024-05-23T11:30:03.594759594+09:00" level=info msg="Starting Dapr Runtime -- version 1.13.2 -- commit f09b193d8ac62bef6c0fd5452a00d2a49cd0d134" app_id=notifications instance=ubu scope=dapr.runtime type=log ver=1.13.2
time="2024-05-23T11:30:03.594784105+09:00" level=info msg="Log level set to: info" app_id=notifications instance=ubu scope=dapr.runtime type=log ver=1.13.2
time="2024-05-23T11:30:03.594906554+09:00" level=warning msg="mTLS is disabled. Skipping certificate request and tls validation" app_id=notifications instance=ubu scope=dapr.runtime.security type=log ver=1.13.2
time="2024-05-23T11:30:03.595178961+09:00" level=warning msg="The default value for 'spec.metric.http.increasedCardinality' will change to 'false' in Dapr 1.14" app_id=notifications instance=ubu scope=dapr.runtime type=log ver=1.13.2
time="2024-05-23T11:30:03.595621391+09:00" level=info msg="metrics server started on :43725/" app_id=notifications instance=ubu scope=dapr.runtime type=log ver=1.13.2
time="2024-05-23T11:30:03.595799676+09:00" level=info msg="standalone mode configured" app_id=notifications instance=ubu scope=dapr.runtime type=log ver=1.13.2
time="2024-05-23T11:30:03.595817912+09:00" level=info msg="app id: notifications" app_id=notifications instance=ubu scope=dapr.runtime type=log ver=1.13.2
time="2024-05-23T11:30:03.597217112+09:00" level=info msg="Dapr trace sampler initialized: DaprTraceSampler(P=1.000000)" app_id=notifications instance=ubu scope=dapr.runtime type=log ver=1.13.2
time="2024-05-23T11:30:03.599668242+09:00" level=info msg="local service entry announced: notifications -> 192.168.2.197:43667" app_id=notifications component="nr (mdns/v1)" instance=ubu scope=dapr.contrib type=log ver=1.13.2
time="2024-05-23T11:30:03.599693645+09:00" level=info msg="Initialized name resolution to mdns" app_id=notifications instance=ubu scope=dapr.runtime type=log ver=1.13.2
time="2024-05-23T11:30:03.599978798+09:00" level=info msg="Loading components…" app_id=notifications instance=ubu scope=dapr.runtime type=log ver=1.13.2
time="2024-05-23T11:30:03.602532806+09:00" level=info msg="Component loaded: orders (pubsub.redis/v1)" app_id=notifications instance=ubu scope=dapr.runtime.processor type=log ver=1.13.2
time="2024-05-23T11:30:03.603130854+09:00" level=info msg="Waiting for all outstanding components to be processed…" app_id=notifications instance=ubu scope=dapr.runtime type=log ver=1.13.2
time="2024-05-23T11:30:03.603572639+09:00" level=info msg="Using 'statestore' as actor state store" app_id=notifications instance=ubu scope=dapr.runtime.processor.state type=log ver=1.13.2
time="2024-05-23T11:30:03.603598396+09:00" level=info msg="Component loaded: statestore (state.redis/v1)" app_id=notifications instance=ubu scope=dapr.runtime.processor type=log ver=1.13.2
time="2024-05-23T11:30:03.60360762+09:00" level=info msg="All outstanding components processed" app_id=notifications instance=ubu scope=dapr.runtime type=log ver=1.13.2
time="2024-05-23T11:30:03.603624141+09:00" level=info msg="Loading endpoints…" app_id=notifications instance=ubu scope=dapr.runtime type=log ver=1.13.2
time="2024-05-23T11:30:03.603800617+09:00" level=info msg="Waiting for all outstanding http endpoints to be processed…" app_id=notifications instance=ubu scope=dapr.runtime type=log ver=1.13.2
time="2024-05-23T11:30:03.603808878+09:00" level=info msg="All outstanding http endpoints processed" app_id=notifications instance=ubu scope=dapr.runtime type=log ver=1.13.2
time="2024-05-23T11:30:03.603868951+09:00" level=info msg="gRPC server listening on TCP address: :36803" app_id=notifications instance=ubu scope=dapr.runtime.grpc.api type=log ver=1.13.2
time="2024-05-23T11:30:03.603878927+09:00" level=info msg="Enabled gRPC tracing middleware" app_id=notifications instance=ubu scope=dapr.runtime.grpc.api type=log ver=1.13.2
time="2024-05-23T11:30:03.603882829+09:00" level=info msg="Enabled gRPC metrics middleware" app_id=notifications instance=ubu scope=dapr.runtime.grpc.api type=log ver=1.13.2
time="2024-05-23T11:30:03.603934796+09:00" level=info msg="Registering workflow engine for gRPC endpoint: [::]:36803" app_id=notifications instance=ubu scope=dapr.runtime.grpc.api type=log ver=1.13.2
time="2024-05-23T11:30:03.603954226+09:00" level=info msg="API gRPC server is running on port 36803" app_id=notifications instance=ubu scope=dapr.runtime type=log ver=1.13.2
time="2024-05-23T11:30:03.603997092+09:00" level=info msg="Enabled max body size HTTP middleware with size 4 MB" app_id=notifications instance=ubu scope=dapr.runtime.http type=log ver=1.13.2
time="2024-05-23T11:30:03.604007359+09:00" level=info msg="Enabled tracing HTTP middleware" app_id=notifications instance=ubu scope=dapr.runtime.http type=log ver=1.13.2
time="2024-05-23T11:30:03.604011196+09:00" level=info msg="Enabled metrics HTTP middleware" app_id=notifications instance=ubu scope=dapr.runtime.http type=log ver=1.13.2
time="2024-05-23T11:30:03.604236179+09:00" level=info msg="HTTP server listening on TCP address: :41189" app_id=notifications instance=ubu scope=dapr.runtime.http type=log ver=1.13.2
time="2024-05-23T11:30:03.604259572+09:00" level=info msg="HTTP server is running on port 41189" app_id=notifications instance=ubu scope=dapr.runtime type=log ver=1.13.2
time="2024-05-23T11:30:03.604266479+09:00" level=info msg="The request body size parameter is: 4" app_id=notifications instance=ubu scope=dapr.runtime type=log ver=1.13.2
time="2024-05-23T11:30:03.60428451+09:00" level=info msg="gRPC server listening on TCP address: :43667" app_id=notifications instance=ubu scope=dapr.runtime.grpc.internal type=log ver=1.13.2
time="2024-05-23T11:30:03.604293207+09:00" level=info msg="Enabled gRPC tracing middleware" app_id=notifications instance=ubu scope=dapr.runtime.grpc.internal type=log ver=1.13.2
time="2024-05-23T11:30:03.604298632+09:00" level=info msg="Enabled gRPC metrics middleware" app_id=notifications instance=ubu scope=dapr.runtime.grpc.internal type=log ver=1.13.2
time="2024-05-23T11:30:03.604339105+09:00" level=info msg="Internal gRPC server is running on port 43667" app_id=notifications instance=ubu scope=dapr.runtime type=log ver=1.13.2
time="2024-05-23T11:30:03.604390895+09:00" level=info msg="application protocol: http. waiting on port 3001.  This will block until the app is listening on that port." app_id=notifications instance=ubu scope=dapr.runtime type=log ver=1.13.2
time="2024-05-23T11:30:04.006544029+09:00" level=info msg="application discovered on port 3001" app_id=notifications instance=ubu scope=dapr.runtime type=log ver=1.13.2
time="2024-05-23T11:30:04.030319686+09:00" level=info msg="Application configuration loaded" app_id=notifications instance=ubu scope=dapr.runtime type=log ver=1.13.2
time="2024-05-23T11:30:04.030348413+09:00" level=info msg="Configuring actors placement provider 'placement'. Configuration: 'placement:localhost:50005'" app_id=notifications instance=ubu scope=dapr.runtime.actor type=log ver=1.13.2
time="2024-05-23T11:30:04.030364647+09:00" level=info msg="Configuring actor reminders provider 'default'. Configuration: ''" app_id=notifications instance=ubu scope=dapr.runtime.actor type=log ver=1.13.2
time="2024-05-23T11:30:04.030387966+09:00" level=info msg="Actor runtime started. Actor idle timeout: 1h0m0s. Actor scan interval: 30s" app_id=notifications instance=ubu scope=dapr.runtime.actor type=log ver=1.13.2
time="2024-05-23T11:30:04.030397986+09:00" level=info msg="Configuring workflow engine with actors backend" app_id=notifications instance=ubu scope=dapr.runtime type=log ver=1.13.2
time="2024-05-23T11:30:04.030404281+09:00" level=info msg="Registering component for dapr workflow engine..." app_id=notifications instance=ubu scope=dapr.runtime type=log ver=1.13.2
time="2024-05-23T11:30:04.030420319+09:00" level=info msg="Initializing Dapr workflow component" app_id=notifications component="dapr (workflow.dapr/v1)" instance=ubu scope=dapr.contrib type=log ver=1.13.2
time="2024-05-23T11:30:04.0304309+09:00" level=info msg="Workflow engine initialized." app_id=notifications instance=ubu scope=dapr.runtime type=log ver=1.13.2
time="2024-05-23T11:30:04.039003617+09:00" level=info msg="app is subscribed to the following topics: [notifications] through pubsub=orders" app_id=notifications instance=ubu scope=dapr.runtime.processor.pubsub type=log ver=1.13.2
time="2024-05-23T11:30:04.039825677+09:00" level=info msg="Actor API level in the cluster has been updated to 10" app_id=notifications instance=ubu scope=dapr.runtime.actor type=log ver=1.13.2
time="2024-05-23T11:30:04.039853778+09:00" level=info msg="Placement tables updated, version: 47" app_id=notifications instance=ubu scope=dapr.runtime.actors.placement type=log ver=1.13.2
time="2024-05-23T11:30:04.041121945+09:00" level=info msg="dapr initialized. Status: Running. Init Elapsed 445ms" app_id=notifications instance=ubu scope=dapr.runtime type=log ver=1.13.2
Updating metadata for app command: python3 app.py
Updating metadata for appPID: 1499243
You're up and running! Dapr logs will appear here.


termination signal received: shutting down
Exited Dapr successfully
Exited App successfully
