time="2024-05-23T02:59:32.400921324Z" level=info msg="Starting Dapr Runtime -- version 1.13.2 -- commit f09b193d8ac62bef6c0fd5452a00d2a49cd0d134" app_id=notifications instance=notifications-86f8645dc8-gmt76 scope=dapr.runtime type=log ver=1.13.2
time="2024-05-23T02:59:32.400986576Z" level=info msg="Log level set to: info" app_id=notifications instance=notifications-86f8645dc8-gmt76 scope=dapr.runtime type=log ver=1.13.2
time="2024-05-23T02:59:32.40116823Z" level=info msg="Fetching initial identity certificate from dapr-sentry.dapr-system.svc.cluster.local:443" app_id=notifications instance=notifications-86f8645dc8-gmt76 scope=dapr.runtime.security type=log ver=1.13.2
time="2024-05-23T02:59:32.415144869Z" level=info msg="Security is initialized successfully" app_id=notifications instance=notifications-86f8645dc8-gmt76 scope=dapr.runtime.security type=log ver=1.13.2
time="2024-05-23T02:59:32.415178308Z" level=info msg="Starting workload cert expiry watcher; current cert expires on: 2024-05-24 02:59:32 +0000 UTC, renewing at 2024-05-23 19:43:02 +0000 UTC" app_id=notifications instance=notifications-86f8645dc8-gmt76 scope=dapr.runtime.security type=log ver=1.13.2
time="2024-05-23T02:59:32.415272126Z" level=info msg="Initializing the operator client" app_id=notifications instance=notifications-86f8645dc8-gmt76 scope=dapr.runtime type=log ver=1.13.2
time="2024-05-23T02:59:32.431834707Z" level=warning msg="The default value for 'spec.metric.http.increasedCardinality' will change to 'false' in Dapr 1.14" app_id=notifications instance=notifications-86f8645dc8-gmt76 scope=dapr.runtime type=log ver=1.13.2
time="2024-05-23T02:59:32.442705841Z" level=info msg="metrics server started on :38685/" app_id=notifications instance=notifications-86f8645dc8-gmt76 scope=dapr.runtime type=log ver=1.13.2
time="2024-05-23T02:59:32.442733458Z" level=info msg="kubernetes mode configured" app_id=notifications instance=notifications-86f8645dc8-gmt76 scope=dapr.runtime type=log ver=1.13.2
time="2024-05-23T02:59:32.442813836Z" level=info msg="app id: notifications" app_id=notifications instance=notifications-86f8645dc8-gmt76 scope=dapr.runtime type=log ver=1.13.2
time="2024-05-23T02:59:32.44288227Z" level=info msg="Dapr trace sampler initialized: DaprTraceSampler(P=1.000000)" app_id=notifications instance=notifications-86f8645dc8-gmt76 scope=dapr.runtime type=log ver=1.13.2
time="2024-05-23T02:59:32.442985646Z" level=info msg="Initialized name resolution to kubernetes" app_id=notifications instance=notifications-86f8645dc8-gmt76 scope=dapr.runtime type=log ver=1.13.2
time="2024-05-23T02:59:32.443099466Z" level=info msg="Loading components…" app_id=notifications instance=notifications-86f8645dc8-gmt76 scope=dapr.runtime type=log ver=1.13.2
time="2024-05-23T02:59:32.443443957Z" level=info msg="Component loaded: kubernetes (secretstores.kubernetes/v1)" app_id=notifications instance=notifications-86f8645dc8-gmt76 scope=dapr.runtime.processor type=log ver=1.13.2
time="2024-05-23T02:59:32.454704106Z" level=info msg="Component loaded: pubsub (pubsub.redis/v1)" app_id=notifications instance=notifications-86f8645dc8-gmt76 scope=dapr.runtime.processor type=log ver=1.13.2
time="2024-05-23T02:59:32.45507022Z" level=info msg="Waiting for all outstanding components to be processed…" app_id=notifications instance=notifications-86f8645dc8-gmt76 scope=dapr.runtime type=log ver=1.13.2
time="2024-05-23T02:59:32.458753686Z" level=info msg="Component loaded: statestore (state.redis/v1)" app_id=notifications instance=notifications-86f8645dc8-gmt76 scope=dapr.runtime.processor type=log ver=1.13.2
time="2024-05-23T02:59:32.458792817Z" level=info msg="All outstanding components processed" app_id=notifications instance=notifications-86f8645dc8-gmt76 scope=dapr.runtime type=log ver=1.13.2
time="2024-05-23T02:59:32.458817792Z" level=info msg="Loading endpoints…" app_id=notifications instance=notifications-86f8645dc8-gmt76 scope=dapr.runtime type=log ver=1.13.2
time="2024-05-23T02:59:32.459922109Z" level=info msg="Waiting for all outstanding http endpoints to be processed…" app_id=notifications instance=notifications-86f8645dc8-gmt76 scope=dapr.runtime type=log ver=1.13.2
time="2024-05-23T02:59:32.459938486Z" level=info msg="All outstanding http endpoints processed" app_id=notifications instance=notifications-86f8645dc8-gmt76 scope=dapr.runtime type=log ver=1.13.2
time="2024-05-23T02:59:32.46004499Z" level=info msg="gRPC server listening on TCP address: [::1]:50001" app_id=notifications instance=notifications-86f8645dc8-gmt76 scope=dapr.runtime.grpc.api type=log ver=1.13.2
time="2024-05-23T02:59:32.460158171Z" level=info msg="gRPC server listening on TCP address: 127.0.0.1:50001" app_id=notifications instance=notifications-86f8645dc8-gmt76 scope=dapr.runtime.grpc.api type=log ver=1.13.2
time="2024-05-23T02:59:32.460199619Z" level=info msg="Enabled gRPC tracing middleware" app_id=notifications instance=notifications-86f8645dc8-gmt76 scope=dapr.runtime.grpc.api type=log ver=1.13.2
time="2024-05-23T02:59:32.460224348Z" level=info msg="Enabled gRPC metrics middleware" app_id=notifications instance=notifications-86f8645dc8-gmt76 scope=dapr.runtime.grpc.api type=log ver=1.13.2
time="2024-05-23T02:59:32.460304634Z" level=info msg="Registering workflow engine for gRPC endpoint: [::1]:50001" app_id=notifications instance=notifications-86f8645dc8-gmt76 scope=dapr.runtime.grpc.api type=log ver=1.13.2
time="2024-05-23T02:59:32.460367188Z" level=info msg="Enabled gRPC tracing middleware" app_id=notifications instance=notifications-86f8645dc8-gmt76 scope=dapr.runtime.grpc.api type=log ver=1.13.2
time="2024-05-23T02:59:32.460391283Z" level=info msg="Enabled gRPC metrics middleware" app_id=notifications instance=notifications-86f8645dc8-gmt76 scope=dapr.runtime.grpc.api type=log ver=1.13.2
time="2024-05-23T02:59:32.460443196Z" level=info msg="Registering workflow engine for gRPC endpoint: 127.0.0.1:50001" app_id=notifications instance=notifications-86f8645dc8-gmt76 scope=dapr.runtime.grpc.api type=log ver=1.13.2
time="2024-05-23T02:59:32.460480629Z" level=info msg="API gRPC server is running on port 50001" app_id=notifications instance=notifications-86f8645dc8-gmt76 scope=dapr.runtime type=log ver=1.13.2
time="2024-05-23T02:59:32.460557682Z" level=info msg="Enabled max body size HTTP middleware with size 4 MB" app_id=notifications instance=notifications-86f8645dc8-gmt76 scope=dapr.runtime.http type=log ver=1.13.2
time="2024-05-23T02:59:32.460598584Z" level=info msg="Enabled tracing HTTP middleware" app_id=notifications instance=notifications-86f8645dc8-gmt76 scope=dapr.runtime.http type=log ver=1.13.2
time="2024-05-23T02:59:32.460622721Z" level=info msg="Enabled metrics HTTP middleware" app_id=notifications instance=notifications-86f8645dc8-gmt76 scope=dapr.runtime.http type=log ver=1.13.2
time="2024-05-23T02:59:32.460860687Z" level=info msg="HTTP server listening on TCP address: [::1]:3500" app_id=notifications instance=notifications-86f8645dc8-gmt76 scope=dapr.runtime.http type=log ver=1.13.2
time="2024-05-23T02:59:32.460925795Z" level=info msg="HTTP server listening on TCP address: 127.0.0.1:3500" app_id=notifications instance=notifications-86f8645dc8-gmt76 scope=dapr.runtime.http type=log ver=1.13.2
time="2024-05-23T02:59:32.460975414Z" level=info msg="Enabled tracing HTTP middleware" app_id=notifications instance=notifications-86f8645dc8-gmt76 scope=dapr.runtime.http type=log ver=1.13.2
time="2024-05-23T02:59:32.461006933Z" level=info msg="Enabled metrics HTTP middleware" app_id=notifications instance=notifications-86f8645dc8-gmt76 scope=dapr.runtime.http type=log ver=1.13.2
time="2024-05-23T02:59:32.461057515Z" level=info msg="HTTP server is running on port 3500" app_id=notifications instance=notifications-86f8645dc8-gmt76 scope=dapr.runtime type=log ver=1.13.2
time="2024-05-23T02:59:32.461102953Z" level=info msg="The request body size parameter is: 4" app_id=notifications instance=notifications-86f8645dc8-gmt76 scope=dapr.runtime type=log ver=1.13.2
time="2024-05-23T02:59:32.461152127Z" level=info msg="gRPC server listening on TCP address: :50002" app_id=notifications instance=notifications-86f8645dc8-gmt76 scope=dapr.runtime.grpc.internal type=log ver=1.13.2
time="2024-05-23T02:59:32.461187003Z" level=info msg="Enabled gRPC tracing middleware" app_id=notifications instance=notifications-86f8645dc8-gmt76 scope=dapr.runtime.grpc.internal type=log ver=1.13.2
time="2024-05-23T02:59:32.461222799Z" level=info msg="Enabled gRPC metrics middleware" app_id=notifications instance=notifications-86f8645dc8-gmt76 scope=dapr.runtime.grpc.internal type=log ver=1.13.2
time="2024-05-23T02:59:32.461280163Z" level=info msg="Internal gRPC server is running on port 50002" app_id=notifications instance=notifications-86f8645dc8-gmt76 scope=dapr.runtime type=log ver=1.13.2
time="2024-05-23T02:59:32.461342586Z" level=info msg="application protocol: http. waiting on port 3001.  This will block until the app is listening on that port." app_id=notifications instance=notifications-86f8645dc8-gmt76 scope=dapr.runtime type=log ver=1.13.2
time="2024-05-23T02:59:33.065563397Z" level=info msg="application discovered on port 3001" app_id=notifications instance=notifications-86f8645dc8-gmt76 scope=dapr.runtime type=log ver=1.13.2
time="2024-05-23T02:59:33.067305954Z" level=info msg="Application configuration loaded" app_id=notifications instance=notifications-86f8645dc8-gmt76 scope=dapr.runtime type=log ver=1.13.2
time="2024-05-23T02:59:33.067346669Z" level=info msg="actors: state store is not configured - this is okay for clients but services with hosted actors will fail to initialize!" app_id=notifications instance=notifications-86f8645dc8-gmt76 scope=dapr.runtime type=log ver=1.13.2
time="2024-05-23T02:59:33.067372031Z" level=info msg="Configuring actors placement provider 'placement'. Configuration: 'placement:dapr-placement-server.dapr-system.svc.cluster.local:50005'" app_id=notifications instance=notifications-86f8645dc8-gmt76 scope=dapr.runtime.actor type=log ver=1.13.2
time="2024-05-23T02:59:33.067391076Z" level=info msg="Configuring actor reminders provider 'default'. Configuration: ''" app_id=notifications instance=notifications-86f8645dc8-gmt76 scope=dapr.runtime.actor type=log ver=1.13.2
time="2024-05-23T02:59:33.067411598Z" level=info msg="Actor runtime started. Actor idle timeout: 1h0m0s. Actor scan interval: 30s" app_id=notifications instance=notifications-86f8645dc8-gmt76 scope=dapr.runtime.actor type=log ver=1.13.2
time="2024-05-23T02:59:33.067422775Z" level=info msg="Configuring workflow engine with actors backend" app_id=notifications instance=notifications-86f8645dc8-gmt76 scope=dapr.runtime type=log ver=1.13.2
time="2024-05-23T02:59:33.067428601Z" level=info msg="Registering component for dapr workflow engine..." app_id=notifications instance=notifications-86f8645dc8-gmt76 scope=dapr.runtime type=log ver=1.13.2
time="2024-05-23T02:59:33.067438784Z" level=info msg="Initializing Dapr workflow component" app_id=notifications component="dapr (workflow.dapr/v1)" instance=notifications-86f8645dc8-gmt76 scope=dapr.contrib type=log ver=1.13.2
time="2024-05-23T02:59:33.067461358Z" level=info msg="Workflow engine initialized." app_id=notifications instance=notifications-86f8645dc8-gmt76 scope=dapr.runtime type=log ver=1.13.2
time="2024-05-23T02:59:33.069884743Z" level=info msg="app is subscribed to the following topics: [notifications] through pubsub=orders" app_id=notifications instance=notifications-86f8645dc8-gmt76 scope=dapr.runtime.processor.pubsub type=log ver=1.13.2
time="2024-05-23T02:59:33.069910198Z" level=info msg="dapr initialized. Status: Running. Init Elapsed 627ms" app_id=notifications instance=notifications-86f8645dc8-gmt76 scope=dapr.runtime type=log ver=1.13.2
time="2024-05-23T02:59:33.080350333Z" level=info msg="Placement tables updated, version: 0" app_id=notifications instance=notifications-86f8645dc8-gmt76 scope=dapr.runtime.actors.placement type=log ver=1.13.2
time="2024-05-23T04:40:20.528549179Z" level=info msg="Placement tables updated, version: 0" app_id=notifications instance=notifications-86f8645dc8-gmt76 scope=dapr.runtime.actors.placement type=log ver=1.13.2
